#
# A fatal error has been detected by the Java Runtime Environment:
#
#  SIGSEGV (0xb) at pc=0x00007fff6309a6f2, pid=74604, tid=8451
#
# JRE version: OpenJDK Runtime Environment Temurin-17.0.10+7 (17.0.10+7) (build 17.0.10+7)
# Java VM: OpenJDK 64-Bit Server VM Temurin-17.0.10+7 (17.0.10+7, mixed mode, tiered, compressed oops, compressed class ptrs, parallel gc, bsd-amd64)
# Problematic frame:
# C  [libsystem_platform.dylib+0x16f2]  _platform_strlen+0x12
#
# No core dump will be written. Core dumps have been disabled. To enable core dumping, try "ulimit -c unlimited" before starting Java again
#
# If you would like to submit a bug report, please visit:
#   https://github.com/adoptium/adoptium-support/issues
# The crash happened outside the Java Virtual Machine in native code.
# See problematic frame for where to report the bug.
#

---------------  S U M M A R Y ------------

Command Line: --add-modules=ALL-SYSTEM --add-opens=java.base/java.util=ALL-UNNAMED --add-opens=java.base/java.lang=ALL-UNNAMED --add-opens=java.base/sun.nio.fs=ALL-UNNAMED -Declipse.application=org.eclipse.jdt.ls.core.id1 -Dosgi.bundles.defaultStartLevel=4 -Declipse.product=org.eclipse.jdt.ls.core.product -Djava.import.generatesMetadataFilesAtProjectRoot=false -DDetectVMInstallationsJob.disabled=true -Dfile.encoding=utf8 -XX:+UseParallelGC -XX:GCTimeRatio=4 -XX:AdaptiveSizePolicyWeight=90 -Dsun.zip.disableMemoryMapping=true -Xmx1G -Xms100m -Xlog:disable -javaagent:/Users/iehr/.vscode/extensions/redhat.java-1.27.0-darwin-x64/lombok/lombok-1.18.31.jar -XX:+HeapDumpOnOutOfMemoryError -XX:HeapDumpPath=/Users/iehr/Library/Application Support/Code/User/workspaceStorage/274a93075872abb9dda54e2529f269e0/redhat.java -Daether.dependencyCollector.impl=bf /Users/iehr/.vscode/extensions/redhat.java-1.27.0-darwin-x64/server/plugins/org.eclipse.equinox.launcher_1.6.700.v20231214-2017.jar -configuration /Users/iehr/Library/Application Support/Code/User/globalStorage/redhat.java/1.27.0/config_mac -data /Users/iehr/Library/Application Support/Code/User/workspaceStorage/274a93075872abb9dda54e2529f269e0/redhat.java/jdt_ws --stdio

Host: "MacBookPro11,4" x86_64 2800 MHz, 8 cores, 16G, Darwin 18.7.0, macOS 10.14.6 (18G5033)
Time: Thu Feb  1 19:40:12 2024 CET elapsed time: 1.041142 seconds (0d 0h 0m 1s)

---------------  T H R E A D  ---------------

Current thread (0x00007fd02c001c00):  JavaThread "main" [_thread_in_native, id=8451, stack(0x000070000c764000,0x000070000c864000)]

Stack: [0x000070000c764000,0x000070000c864000],  sp=0x000070000c862470,  free space=1017k
Native frames: (J=compiled Java code, j=interpreted, Vv=VM code, C=native code)
C  [libsystem_platform.dylib+0x16f2]  _platform_strlen+0x12
C  [libobjc.A.dylib+0x2389]  _ZNK8objc_opt17objc_stringhash_t8getIndexEPKc+0x19
C  [libobjc.A.dylib+0x1f576]  _ZL15search_builtinsPKc+0x20
C  [libobjc.A.dylib+0x1f5c6]  _ZL18__sel_registerNamePKcbb+0x26
C  [libobjc.A.dylib+0xfe2a]  _ZL15fixupMethodListP13method_list_tbb+0x64
C  [libobjc.A.dylib+0x4ec5]  _ZL18prepareMethodListsP10objc_classPP13method_list_tibb+0x88
C  [libobjc.A.dylib+0x18fdf]  _ZL24realizeClassWithoutSwiftP10objc_class+0x6a2
C  [libobjc.A.dylib+0x1df49]  _ZL33realizeClassMaybeSwiftMaybeRelockP10objc_classR8mutex_ttILb0EEb+0x132
C  [libobjc.A.dylib+0x7641]  lookUpImpOrForward+0x95
C  [libobjc.A.dylib+0x7114]  _objc_msgSend_uncached+0x44
C  [eclipse_11900.so+0x7288]  dispatchMessages+0x58
C  [eclipse_11900.so+0x853b]  Java_org_eclipse_equinox_launcher_JNIBridge__1update_1splash+0xb
j  org.eclipse.equinox.launcher.JNIBridge._update_splash()V+0
j  org.eclipse.equinox.launcher.JNIBridge.updateSplash()Z+1
j  org.eclipse.equinox.launcher.JNIBridge.updateSplash()Z+19
j  org.eclipse.equinox.launcher.Main$SplashHandler.updateSplash()V+27
v  ~StubRoutines::call_stub
V  [libjvm.dylib+0x4f483a]  _ZN9JavaCalls11call_helperEP9JavaValueRK12methodHandleP17JavaCallArgumentsP10JavaThread+0x31a
V  [libjvm.dylib+0x8d2327]  _ZL6invokeP13InstanceKlassRK12methodHandle6Handleb14objArrayHandle9BasicTypeS5_bP10JavaThread+0xa27
V  [libjvm.dylib+0x8d18b2]  _ZN10Reflection13invoke_methodEP7oopDesc6Handle14objArrayHandleP10JavaThread+0x152
V  [libjvm.dylib+0x59fb83]  JVM_InvokeMethod+0x2f3
j  jdk.internal.reflect.NativeMethodAccessorImpl.invoke0(Ljava/lang/reflect/Method;Ljava/lang/Object;[Ljava/lang/Object;)Ljava/lang/Object;+0 java.base@17.0.10
j  jdk.internal.reflect.NativeMethodAccessorImpl.invoke(Ljava/lang/Object;[Ljava/lang/Object;)Ljava/lang/Object;+133 java.base@17.0.10
J 994 c1 jdk.internal.reflect.DelegatingMethodAccessorImpl.invoke(Ljava/lang/Object;[Ljava/lang/Object;)Ljava/lang/Object; java.base@17.0.10 (10 bytes) @ 0x000000010e53cdcc [0x000000010e53ccc0+0x000000000000010c]
J 993 c1 java.lang.reflect.Method.invoke(Ljava/lang/Object;[Ljava/lang/Object;)Ljava/lang/Object; java.base@17.0.10 (65 bytes) @ 0x000000010e53afbc [0x000000010e53ac80+0x000000000000033c]
j  org.eclipse.core.runtime.internal.adaptor.DefaultStartupMonitor.update()V+16
j  org.eclipse.core.runtime.adaptor.EclipseStarter.updateSplash(Ljava/util/concurrent/Semaphore;Lorg/eclipse/core/runtime/adaptor/EclipseStarter$StartupEventListener;)V+40
j  org.eclipse.core.runtime.adaptor.EclipseStarter.refreshPackages([Lorg/osgi/framework/Bundle;)Z+74
j  org.eclipse.core.runtime.adaptor.EclipseStarter.loadBasicBundles()[Lorg/osgi/framework/Bundle;+168
j  org.eclipse.core.runtime.adaptor.EclipseStarter.startup([Ljava/lang/String;Ljava/lang/Runnable;)Lorg/osgi/framework/BundleContext;+153
j  org.eclipse.core.runtime.adaptor.EclipseStarter.run([Ljava/lang/String;Ljava/lang/Runnable;)Ljava/lang/Object;+21
v  ~StubRoutines::call_stub
V  [libjvm.dylib+0x4f483a]  _ZN9JavaCalls11call_helperEP9JavaValueRK12methodHandleP17JavaCallArgumentsP10JavaThread+0x31a
V  [libjvm.dylib+0x8d2327]  _ZL6invokeP13InstanceKlassRK12methodHandle6Handleb14objArrayHandle9BasicTypeS5_bP10JavaThread+0xa27
V  [libjvm.dylib+0x8d18b2]  _ZN10Reflection13invoke_methodEP7oopDesc6Handle14objArrayHandleP10JavaThread+0x152
V  [libjvm.dylib+0x59fb83]  JVM_InvokeMethod+0x2f3
j  jdk.internal.reflect.NativeMethodAccessorImpl.invoke0(Ljava/lang/reflect/Method;Ljava/lang/Object;[Ljava/lang/Object;)Ljava/lang/Object;+0 java.base@17.0.10
j  jdk.internal.reflect.NativeMethodAccessorImpl.invoke(Ljava/lang/Object;[Ljava/lang/Object;)Ljava/lang/Object;+133 java.base@17.0.10
j  jdk.internal.reflect.DelegatingMethodAccessorImpl.invoke(Ljava/lang/Object;[Ljava/lang/Object;)Ljava/lang/Object;+6 java.base@17.0.10
j  java.lang.reflect.Method.invoke(Ljava/lang/Object;[Ljava/lang/Object;)Ljava/lang/Object;+59 java.base@17.0.10
j  org.eclipse.equinox.launcher.Main.invokeFramework([Ljava/lang/String;[Ljava/net/URL;)V+202
j  org.eclipse.equinox.launcher.Main.basicRun([Ljava/lang/String;)V+159
j  org.eclipse.equinox.launcher.Main.run([Ljava/lang/String;)I+4
j  org.eclipse.equinox.launcher.Main.main([Ljava/lang/String;)V+10
v  ~StubRoutines::call_stub
V  [libjvm.dylib+0x4f483a]  _ZN9JavaCalls11call_helperEP9JavaValueRK12methodHandleP17JavaCallArgumentsP10JavaThread+0x31a
V  [libjvm.dylib+0x5583fb]  _ZL17jni_invoke_staticP7JNIEnv_P9JavaValueP8_jobject11JNICallTypeP10_jmethodIDP18JNI_ArgumentPusherP10JavaThread+0x16b
V  [libjvm.dylib+0x55b716]  jni_CallStaticVoidMethod+0x186
C  [libjli.dylib+0xc89d]  JavaMain+0x5cd
C  [libjli.dylib+0xf649]  ThreadJavaMain+0x9
C  [libsystem_pthread.dylib+0x32eb]  _pthread_body+0x7e
C  [libsystem_pthread.dylib+0x6249]  _pthread_start+0x42
C  [libsystem_pthread.dylib+0x240d]  thread_start+0xd

Java frames: (J=compiled Java code, j=interpreted, Vv=VM code)
j  org.eclipse.equinox.launcher.JNIBridge._update_splash()V+0
j  org.eclipse.equinox.launcher.JNIBridge.updateSplash()Z+1
j  org.eclipse.equinox.launcher.JNIBridge.updateSplash()Z+19
j  org.eclipse.equinox.launcher.Main$SplashHandler.updateSplash()V+27
v  ~StubRoutines::call_stub
j  jdk.internal.reflect.NativeMethodAccessorImpl.invoke0(Ljava/lang/reflect/Method;Ljava/lang/Object;[Ljava/lang/Object;)Ljava/lang/Object;+0 java.base@17.0.10
j  jdk.internal.reflect.NativeMethodAccessorImpl.invoke(Ljava/lang/Object;[Ljava/lang/Object;)Ljava/lang/Object;+133 java.base@17.0.10
J 994 c1 jdk.internal.reflect.DelegatingMethodAccessorImpl.invoke(Ljava/lang/Object;[Ljava/lang/Object;)Ljava/lang/Object; java.base@17.0.10 (10 bytes) @ 0x000000010e53cdcc [0x000000010e53ccc0+0x000000000000010c]
J 993 c1 java.lang.reflect.Method.invoke(Ljava/lang/Object;[Ljava/lang/Object;)Ljava/lang/Object; java.base@17.0.10 (65 bytes) @ 0x000000010e53afbc [0x000000010e53ac80+0x000000000000033c]
j  org.eclipse.core.runtime.internal.adaptor.DefaultStartupMonitor.update()V+16
j  org.eclipse.core.runtime.adaptor.EclipseStarter.updateSplash(Ljava/util/concurrent/Semaphore;Lorg/eclipse/core/runtime/adaptor/EclipseStarter$StartupEventListener;)V+40
j  org.eclipse.core.runtime.adaptor.EclipseStarter.refreshPackages([Lorg/osgi/framework/Bundle;)Z+74
j  org.eclipse.core.runtime.adaptor.EclipseStarter.loadBasicBundles()[Lorg/osgi/framework/Bundle;+168
j  org.eclipse.core.runtime.adaptor.EclipseStarter.startup([Ljava/lang/String;Ljava/lang/Runnable;)Lorg/osgi/framework/BundleContext;+153
j  org.eclipse.core.runtime.adaptor.EclipseStarter.run([Ljava/lang/String;Ljava/lang/Runnable;)Ljava/lang/Object;+21
v  ~StubRoutines::call_stub
j  jdk.internal.reflect.NativeMethodAccessorImpl.invoke0(Ljava/lang/reflect/Method;Ljava/lang/Object;[Ljava/lang/Object;)Ljava/lang/Object;+0 java.base@17.0.10
j  jdk.internal.reflect.NativeMethodAccessorImpl.invoke(Ljava/lang/Object;[Ljava/lang/Object;)Ljava/lang/Object;+133 java.base@17.0.10
j  jdk.internal.reflect.DelegatingMethodAccessorImpl.invoke(Ljava/lang/Object;[Ljava/lang/Object;)Ljava/lang/Object;+6 java.base@17.0.10
j  java.lang.reflect.Method.invoke(Ljava/lang/Object;[Ljava/lang/Object;)Ljava/lang/Object;+59 java.base@17.0.10
j  org.eclipse.equinox.launcher.Main.invokeFramework([Ljava/lang/String;[Ljava/net/URL;)V+202
j  org.eclipse.equinox.launcher.Main.basicRun([Ljava/lang/String;)V+159
j  org.eclipse.equinox.launcher.Main.run([Ljava/lang/String;)I+4
j  org.eclipse.equinox.launcher.Main.main([Ljava/lang/String;)V+10
v  ~StubRoutines::call_stub

siginfo: si_signo: 11 (SIGSEGV), si_code: 1 (SEGV_MAPERR), si_addr: 0x0000119e00005920

Registers:
RAX=0x0000119e00005920, RBX=0x00007fff616fe7d0, RCX=0x0000119e00005920, RDX=0x0000119e00005920
RSP=0x000070000c862470, RBP=0x000070000c862470, RSI=0x0000119e00005920, RDI=0x0000119e00005920
R8 =0x0000000000000001, R9 =0x00000000ff1fffff, R10=0x00007fd02d200000, R11=0x0000000000000003
R12=0x0000119e00005920, R13=0x000000008000000c, R14=0x0000119e00005920, R15=0x00007fff616fe7d0
RIP=0x00007fff6309a6f2, EFLAGS=0x0000000000010202, ERR=0x0000000000000004
  TRAPNO=0x000000000000000e


Register to memory mapping:

RAX=0x0000119e00005920 is an unknown value
RBX=0x00007fff616fe7d0: _objc_opt_data+0x3af8 in /usr/lib/libobjc.A.dylib at 0x00007fff616cf000
RCX=0x0000119e00005920 is an unknown value
RDX=0x0000119e00005920 is an unknown value
RSP=0x000070000c862470 is pointing into the stack for thread: 0x00007fd02c001c00
RBP=0x000070000c862470 is pointing into the stack for thread: 0x00007fd02c001c00
RSI=0x0000119e00005920 is an unknown value
RDI=0x0000119e00005920 is an unknown value
R8 =0x0000000000000001 is an unknown value
R9 =0x00000000ff1fffff is an unknown value
R10=0x00007fd02d200000 points into unknown readable memory: 0x6f43646f6874654d | 4d 65 74 68 6f 64 43 6f
R11=0x0000000000000003 is an unknown value
R12=0x0000119e00005920 is an unknown value
R13=0x000000008000000c is an unknown value
R14=0x0000119e00005920 is an unknown value
R15=0x00007fff616fe7d0: _objc_opt_data+0x3af8 in /usr/lib/libobjc.A.dylib at 0x00007fff616cf000


Top of Stack: (sp=0x000070000c862470)
0x000070000c862470:   000070000c8624a0 00007fff616d1389
0x000070000c862480:   00007fff616fe7d0 0000119e00005920
0x000070000c862490:   0000000000000000 0000000000000001
0x000070000c8624a0:   000070000c8624c0 00007fff616ee576
0x000070000c8624b0:   0000000000000001 0000000000000001
0x000070000c8624c0:   000070000c862510 00007fff616ee5c6
0x000070000c8624d0:   00007fff91a2d5b8 00007fff99635000
0x000070000c8624e0:   a8764f96ad230088 00007ffffffffff8
0x000070000c8624f0:   0000000000000001 0000000080000024
0x000070000c862500:   000000010bcf5c68 0000000000000000
0x000070000c862510:   000070000c862570 00007fff616dee2a
0x000070000c862520:   0000000000000305 00007fff992e50f0
0x000070000c862530:   00007fff91b4e5a8 00007fff91a2d5b8
0x000070000c862540:   0000700000000001 000000010bcf5c68
0x000070000c862550:   0000000000000000 00007fd02d250200
0x000070000c862560:   000070000c862500 0000000000000008
0x000070000c862570:   000070000c8625c0 00007fff616d3ec5
0x000070000c862580:   000070000c8625d0 0000000191b4e5a8
0x000070000c862590:   000000010bcfb680 00007fd02d2502d0
0x000070000c8625a0:   0000000020000001 00007ffffffffff8
0x000070000c8625b0:   000070000c8625d0 000000010bcfb2e8
0x000070000c8625c0:   000070000c862640 00007fff616e7fdf
0x000070000c8625d0:   000000010bcf5c68 0000000000000000
0x000070000c8625e0:   0000000000000000 000000010bcfb680
0x000070000c8625f0:   0000000000000000 00007fd02d2502d0
0x000070000c862600:   000000010bcfb680 000000010bcfb2e8
0x000070000c862610:   00007fff91b4e5a8 000000010bcfb680
0x000070000c862620:   0000000000000000 0000000000000001
0x000070000c862630:   0000000000000001 00007fff3509df27
0x000070000c862640:   000070000c862670 00007fff616ecf49
0x000070000c862650:   000000010bcfb2e8 000000010bcfb680
0x000070000c862660:   000000010bcfb658 00007fff3509df27 

Instructions: (pc=0x00007fff6309a6f2)
0x00007fff6309a5f2:   0d 81 fd 59 36 80 3a 00 48 8d 52 01 75 a7 eb 0b
0x00007fff6309a602:   48 c7 05 6b fd 59 36 00 00 00 00 48 89 c3 48 83
0x00007fff6309a612:   c3 fc 48 89 c7 e8 c4 00 00 00 48 8d 70 04 48 89
0x00007fff6309a622:   df e8 a2 5f 00 00 48 83 3d 48 fd 59 36 00 75 11
0x00007fff6309a632:   48 b8 00 10 e0 ff ff 7f 00 00 48 89 05 35 fd 59
0x00007fff6309a642:   36 48 83 c4 08 5b 5d c3 55 48 89 e5 41 57 41 56
0x00007fff6309a652:   41 54 53 49 89 f7 48 89 fb 48 89 f7 e8 7d 00 00
0x00007fff6309a662:   00 48 85 db 74 43 48 8b 3b 48 85 ff 74 3b 49 89
0x00007fff6309a672:   c4 45 31 f6 e8 65 00 00 00 4c 39 e0 72 1c 48 8b
0x00007fff6309a682:   3b 4c 89 fe 4c 89 e2 e8 b2 00 00 00 85 c0 75 0a
0x00007fff6309a692:   48 8b 03 42 80 3c 20 3d 74 1e 48 8b 7b 08 48 83
0x00007fff6309a6a2:   c3 08 48 85 ff 75 cd eb 03 45 31 f6 4c 89 f0 5b
0x00007fff6309a6b2:   41 5c 41 5e 41 5f 5d c3 4e 8d 74 20 01 eb ed 90
0x00007fff6309a6c2:   90 90 90 90 90 90 90 90 90 90 90 90 90 90 90 90
0x00007fff6309a6d2:   90 90 90 90 90 90 90 90 90 90 90 90 90 90 55 48
0x00007fff6309a6e2:   89 e5 48 89 f9 48 89 fa 48 83 e7 f0 66 0f ef c0
0x00007fff6309a6f2:   66 0f 74 07 66 0f d7 f0 48 83 e1 0f 48 83 c8 ff
0x00007fff6309a702:   48 d3 e0 21 c6 74 17 0f bc c6 48 29 d7 48 01 f8
0x00007fff6309a712:   5d c3 66 2e 0f 1f 84 00 00 00 00 00 66 90 48 83
0x00007fff6309a722:   c7 10 66 0f ef c0 66 0f 74 07 66 0f d7 f0 85 f6
0x00007fff6309a732:   74 ec eb d3 90 90 90 90 90 90 90 90 90 90 55 48
0x00007fff6309a742:   89 e5 48 31 c0 48 31 c9 48 83 fa 20 0f 82 1f 01
0x00007fff6309a752:   00 00 48 f7 c7 0f 00 00 00 74 1d 48 0f b6 07 4c
0x00007fff6309a762:   0f b6 06 4c 29 c0 0f 85 0a 01 00 00 48 ff c7 48
0x00007fff6309a772:   ff c6 48 83 ea 01 eb da 48 f7 c6 0f 00 00 00 0f
0x00007fff6309a782:   84 89 00 00 00 49 89 f1 49 f7 d9 49 81 e1 f0 0f
0x00007fff6309a792:   00 00 74 40 66 2e 0f 1f 84 00 00 00 00 00 49 89
0x00007fff6309a7a2:   d2 4d 29 ca 76 68 66 0f 6f 04 0f f3 0f 6f 0c 0e
0x00007fff6309a7b2:   66 0f 74 c1 66 0f d7 c0 3d ff ff 00 00 75 7a 48
0x00007fff6309a7c2:   83 c1 10 4c 39 c9 75 de 4c 89 d2 4c 01 cf 4c 01
0x00007fff6309a7d2:   ce 48 31 c9 48 0f b6 07 4c 0f b6 06 4c 29 c0 0f
0x00007fff6309a7e2:   85 91 00 00 00 48 ff c7 48 ff c6 48 83 ea 01 0f 


Stack slot to memory mapping:
stack at sp + 0 slots: 0x000070000c8624a0 is pointing into the stack for thread: 0x00007fd02c001c00
stack at sp + 1 slots: 0x00007fff616d1389: _ZNK8objc_opt17objc_stringhash_t8getIndexEPKc+0x19 in /usr/lib/libobjc.A.dylib at 0x00007fff616cf000
stack at sp + 2 slots: 0x00007fff616fe7d0: _objc_opt_data+0x3af8 in /usr/lib/libobjc.A.dylib at 0x00007fff616cf000
stack at sp + 3 slots: 0x0000119e00005920 is an unknown value
stack at sp + 4 slots: 0x0 is NULL
stack at sp + 5 slots: 0x0000000000000001 is an unknown value
stack at sp + 6 slots: 0x000070000c8624c0 is pointing into the stack for thread: 0x00007fd02c001c00
stack at sp + 7 slots: 0x00007fff616ee576: _ZL15search_builtinsPKc+0x20 in /usr/lib/libobjc.A.dylib at 0x00007fff616cf000


Compiled method (c1)    1046  994       3       jdk.internal.reflect.DelegatingMethodAccessorImpl::invoke (10 bytes)
 total in heap  [0x000000010e53cb10,0x000000010e53cf30] = 1056
 relocation     [0x000000010e53cc70,0x000000010e53ccb0] = 64
 main code      [0x000000010e53ccc0,0x000000010e53ce60] = 416
 stub code      [0x000000010e53ce60,0x000000010e53cea0] = 64
 metadata       [0x000000010e53cea0,0x000000010e53cea8] = 8
 scopes data    [0x000000010e53cea8,0x000000010e53cec8] = 32
 scopes pcs     [0x000000010e53cec8,0x000000010e53cf18] = 80
 dependencies   [0x000000010e53cf18,0x000000010e53cf20] = 8
 nul chk table  [0x000000010e53cf20,0x000000010e53cf30] = 16

[Constant Pool (empty)]

[MachCode]
[Entry Point]
  # {method} {0x000000011e2b4420} 'invoke' '(Ljava/lang/Object;[Ljava/lang/Object;)Ljava/lang/Object;' in 'jdk/internal/reflect/DelegatingMethodAccessorImpl'
  # this:     rsi:rsi   = 'jdk/internal/reflect/DelegatingMethodAccessorImpl'
  # parm0:    rdx:rdx   = 'java/lang/Object'
  # parm1:    rcx:rcx   = '[Ljava/lang/Object;'
  #           [sp+0x40]  (sp of caller)
  0x000000010e53ccc0: 448b 5608 | 49bb 0000 | 0000 0800 | 0000 4d03 | d34c 3bd0 

  0x000000010e53ccd4: ;   {runtime_call ic_miss_stub}
  0x000000010e53ccd4: 0f85 a62d | 3f07 660f | 1f44 0000 
[Verified Entry Point]
  0x000000010e53cce0: 8984 2400 | c0fe ff55 | 4883 ec30 

  0x000000010e53ccec: ;   {metadata(method data for {method} {0x000000011e2b4420} 'invoke' '(Ljava/lang/Object;[Ljava/lang/Object;)Ljava/lang/Object;' in 'jdk/internal/reflect/DelegatingMethodAccessorImpl')}
  0x000000010e53ccec: 48bf e89a | b01e 0100 | 0000 8b9f | ac00 0000 | 83c3 0289 | 9fac 0000 | 0081 e3fe | 0700 0083 
  0x000000010e53cd0c: fb00 0f84 | cb00 0000 | 8b76 0c48 | c1e6 0348 | 3b06 488b 

  0x000000010e53cd20: ;   {metadata(method data for {method} {0x000000011e2b4420} 'invoke' '(Ljava/lang/Object;[Ljava/lang/Object;)Ljava/lang/Object;' in 'jdk/internal/reflect/DelegatingMethodAccessorImpl')}
  0x000000010e53cd20: fe48 bbe8 | 9ab0 1e01 | 0000 008b | 7f08 49ba | 0000 0000 | 0800 0000 | 4903 fa48 | 3bbb 0001 
  0x000000010e53cd40: 0000 750d | 4883 8308 | 0100 0001 | e966 0000 | 0048 3bbb | 1001 0000 | 750d 4883 | 8318 0100 
  0x000000010e53cd60: 0001 e950 | 0000 0048 | 81bb 0001 | 0000 0000 | 0000 7517 | 4889 bb00 | 0100 0048 | c783 0801 
  0x000000010e53cd80: 0000 0100 | 0000 e92c | 0000 0048 | 81bb 1001 | 0000 0000 | 0000 7517 | 4889 bb10 | 0100 0048 
  0x000000010e53cda0: c783 1801 | 0000 0100 | 0000 e908 | 0000 0048 | 8383 f000 | 0000 0166 | 0f1f 4400 | 0048 b870 
  0x000000010e53cdc0: b274 2bd0 

  0x000000010e53cdc4: ;   {virtual_call}
  0x000000010e53cdc4: 7f00 00e8 

  0x000000010e53cdc8: ; ImmutableOopMap {}
                      ;*invokevirtual invoke {reexecute=0 rethrow=0 return_oop=0}
                      ; - jdk.internal.reflect.DelegatingMethodAccessorImpl::invoke@6
  0x000000010e53cdc8: e0f8 3e07 | 4883 c430 

  0x000000010e53cdd0: ;   {poll_return}
  0x000000010e53cdd0: 5d49 3ba7 | 4803 0000 | 0f87 2700 

  0x000000010e53cddc: ;   {metadata({method} {0x000000011e2b4420} 'invoke' '(Ljava/lang/Object;[Ljava/lang/Object;)Ljava/lang/Object;' in 'jdk/internal/reflect/DelegatingMethodAccessorImpl')}
  0x000000010e53cddc: 0000 c349 | ba20 442b | 1e01 0000 | 004c 8954 | 2408 48c7 | 0424 ffff 

  0x000000010e53cdf4: ;   {runtime_call counter_overflow Runtime1 stub}
  0x000000010e53cdf4: ffff e885 

  0x000000010e53cdf8: ; ImmutableOopMap {rsi=Oop rdx=Oop rcx=Oop }
                      ;*synchronization entry
                      ; - jdk.internal.reflect.DelegatingMethodAccessorImpl::invoke@-1
  0x000000010e53cdf8: 8c49 07e9 | 14ff ffff 

  0x000000010e53ce00: ;   {runtime_call throw_null_pointer_exception Runtime1 stub}
  0x000000010e53ce00: e89b 3b49 

  0x000000010e53ce04: ; ImmutableOopMap {rdx=Oop rcx=Oop rsi=Oop }
                      ;*invokevirtual invoke {reexecute=0 rethrow=0 return_oop=0}
                      ; - jdk.internal.reflect.DelegatingMethodAccessorImpl::invoke@6
                      ;   {internal_word}
  0x000000010e53ce04: 0749 bad1 | cd53 0e01 | 0000 004d | 8997 6003 

  0x000000010e53ce14: ;   {runtime_call SafepointBlob}
  0x000000010e53ce14: 0000 e9e5 | 953f 0790 | 9049 8b87 | d803 0000 | 49c7 87d8 | 0300 0000 | 0000 0049 | c787 e003 
  0x000000010e53ce34: 0000 0000 | 0000 4883 

  0x000000010e53ce3c: ;   {runtime_call unwind_exception Runtime1 stub}
  0x000000010e53ce3c: c430 5de9 | 3c2c 4907 | f4f4 f4f4 | f4f4 f4f4 | f4f4 f4f4 | f4f4 f4f4 | f4f4 f4f4 | f4f4 f4f4 
  0x000000010e53ce5c: f4f4 f4f4 
[Stub Code]
  0x000000010e53ce60: ;   {no_reloc}
  0x000000010e53ce60: 0f1f 4400 

  0x000000010e53ce64: ;   {static_stub}
  0x000000010e53ce64: 0048 bb00 | 0000 0000 

  0x000000010e53ce6c: ;   {runtime_call}
  0x000000010e53ce6c: 0000 00e9 | fbff ffff 
[Exception Handler]
  0x000000010e53ce74: ;   {runtime_call handle_exception_from_callee Runtime1 stub}
  0x000000010e53ce74: e807 5949 

  0x000000010e53ce78: ;   {external_word}
  0x000000010e53ce78: 0748 bfd3 | 4654 0401 | 0000 0048 

  0x000000010e53ce84: ;   {runtime_call _ZN14MacroAssembler7debug64EPcxPx}
  0x000000010e53ce84: 83e4 f0e8 | 3433 c2f5 

  0x000000010e53ce8c: ;   {section_word}
  0x000000010e53ce8c: f449 ba8d | ce53 0e01 | 0000 0041 

  0x000000010e53ce98: ;   {runtime_call DeoptimizationBlob}
  0x000000010e53ce98: 52e9 0288 | 3f07 f4f4 
[/MachCode]


Compiled method (c1)    1048  993       3       java.lang.reflect.Method::invoke (65 bytes)
 total in heap  [0x000000010e53aa90,0x000000010e53b220] = 1936
 relocation     [0x000000010e53abf0,0x000000010e53ac70] = 128
 main code      [0x000000010e53ac80,0x000000010e53b060] = 992
 stub code      [0x000000010e53b060,0x000000010e53b0d0] = 112
 metadata       [0x000000010e53b0d0,0x000000010e53b0e8] = 24
 scopes data    [0x000000010e53b0e8,0x000000010e53b160] = 120
 scopes pcs     [0x000000010e53b160,0x000000010e53b200] = 160
 dependencies   [0x000000010e53b200,0x000000010e53b208] = 8
 nul chk table  [0x000000010e53b208,0x000000010e53b220] = 24

[Constant Pool (empty)]

[MachCode]
[Entry Point]
  # {method} {0x000000011e059808} 'invoke' '(Ljava/lang/Object;[Ljava/lang/Object;)Ljava/lang/Object;' in 'java/lang/reflect/Method'
  # this:     rsi:rsi   = 'java/lang/reflect/Method'
  # parm0:    rdx:rdx   = 'java/lang/Object'
  # parm1:    rcx:rcx   = '[Ljava/lang/Object;'
  #           [sp+0x80]  (sp of caller)
  0x000000010e53ac80: 448b 5608 | 49bb 0000 | 0000 0800 | 0000 4d03 | d34c 3bd0 

  0x000000010e53ac94: ;   {runtime_call ic_miss_stub}
  0x000000010e53ac94: 0f85 e64d | 3f07 660f | 1f44 0000 
[Verified Entry Point]
  0x000000010e53aca0: 8984 2400 | c0fe ff55 | 4883 ec70 | 4889 7424 | 4848 8954 

  0x000000010e53acb4: ;   {metadata(method data for {method} {0x000000011e059808} 'invoke' '(Ljava/lang/Object;[Ljava/lang/Object;)Ljava/lang/Object;' in 'java/lang/reflect/Method')}
  0x000000010e53acb4: 2450 48bf | 3098 b01e | 0100 0000 | 8b9f ac00 | 0000 83c3 | 0289 9fac | 0000 0081 | e3fe 0700 
  0x000000010e53acd4: 0083 fb00 | 0f84 f102 | 0000 0fbe | 7e0c 83ff 

  0x000000010e53ace4: ;   {metadata(method data for {method} {0x000000011e059808} 'invoke' '(Ljava/lang/Object;[Ljava/lang/Object;)Ljava/lang/Object;' in 'java/lang/reflect/Method')}
  0x000000010e53ace4: 0048 bf30 | 98b0 1e01 | 0000 0048 | bbf0 0000 | 0000 0000 | 000f 850a | 0000 0048 | bb00 0100 
  0x000000010e53ad04: 0000 0000 | 0048 8b04 | 1f48 8d40 | 0148 8904 | 1f48 894c | 2458 0f85 | 8101 0000 

  0x000000010e53ad20: ;   {metadata(method data for {method} {0x000000011e059808} 'invoke' '(Ljava/lang/Object;[Ljava/lang/Object;)Ljava/lang/Object;' in 'java/lang/reflect/Method')}
  0x000000010e53ad20: 48bf 3098 | b01e 0100 | 0000 4883 | 8710 0100 | 0001 0f1f 

  0x000000010e53ad34: ;   {static_call}
  0x000000010e53ad34: 4400 00e8 

  0x000000010e53ad38: ; ImmutableOopMap {[88]=Oop [80]=Oop [72]=Oop }
                      ;*invokestatic getCallerClass {reexecute=0 rethrow=0 return_oop=0}
                      ; - java.lang.reflect.Method::invoke@7
  0x000000010e53ad38: 84fb 9507 | 488b 7424 | 488b 4e24 | 48c1 e103 | 448b 4e20 

  0x000000010e53ad4c: ;   {metadata(method data for {method} {0x000000011e059808} 'invoke' '(Ljava/lang/Object;[Ljava/lang/Object;)Ljava/lang/Object;' in 'java/lang/reflect/Method')}
  0x000000010e53ad4c: 48ba 3098 | b01e 0100 | 0000 4883 | 8220 0100 

  0x000000010e53ad5c: ;   {metadata(method data for {method} {0x000000011e209c38} 'isStatic' '(I)Z' in 'java/lang/reflect/Modifier')}
  0x000000010e53ad5c: 0001 48ba | 10ff 941e | 0100 0000 | 448b 82ac | 0000 0041 | 83c0 0244 | 8982 ac00 | 0000 4181 
  0x000000010e53ad7c: e0fe ff1f | 0041 83f8 | 000f 8465 | 0200 0049 | 8bd1 83e2 | 0883 fa00 

  0x000000010e53ad94: ;   {metadata(method data for {method} {0x000000011e209c38} 'isStatic' '(I)Z' in 'java/lang/reflect/Modifier')}
  0x000000010e53ad94: 48ba 10ff | 941e 0100 | 0000 49b8 | f000 0000 | 0000 0000 | 0f84 0a00 | 0000 49b8 | 0001 0000 
  0x000000010e53adb4: 0000 0000 | 4a8b 3c02 | 488d 7f01 | 4a89 3c02 | 0f84 1a00 

  0x000000010e53adc8: ;   {metadata(method data for {method} {0x000000011e209c38} 'isStatic' '(I)Z' in 'java/lang/reflect/Modifier')}
  0x000000010e53adc8: 0000 48ba | 10ff 941e | 0100 0000 | ff82 1001 | 0000 ba01 | 0000 00e9 | 0500 0000 | ba00 0000 
  0x000000010e53ade8: 0083 e201 

  0x000000010e53adec: ;   {metadata(method data for {method} {0x000000011e059808} 'invoke' '(Ljava/lang/Object;[Ljava/lang/Object;)Ljava/lang/Object;' in 'java/lang/reflect/Method')}
  0x000000010e53adec: 83fa 0048 | ba30 98b0 | 1e01 0000 | 0049 b830 | 0100 0000 | 0000 000f | 840a 0000 | 0049 b840 
  0x000000010e53ae0c: 0100 0000 | 0000 004a | 8b3c 0248 | 8d7f 014a | 893c 020f | 841f 0000 

  0x000000010e53ae24: ;   {metadata(method data for {method} {0x000000011e059808} 'invoke' '(Ljava/lang/Object;[Ljava/lang/Object;)Ljava/lang/Object;' in 'java/lang/reflect/Method')}
  0x000000010e53ae24: 0048 ba30 | 98b0 1e01 | 0000 00ff | 8250 0100 

  0x000000010e53ae34: ;   {oop(NULL)}
  0x000000010e53ae34: 0049 b800 | 0000 0000 | 0000 00e9 | 3500 0000 | 488b 5424 | 5048 3b02 

  0x000000010e53ae4c: ;   {metadata(method data for {method} {0x000000011e059808} 'invoke' '(Ljava/lang/Object;[Ljava/lang/Object;)Ljava/lang/Object;' in 'java/lang/reflect/Method')}
  0x000000010e53ae4c: 4c8b c248 | bf30 98b0 | 1e01 0000 | 0048 8387 | 6801 0000 | 0144 8b42 | 0849 ba00 | 0000 0008 
  0x000000010e53ae6c: 0000 004d | 03c2 4d8b | 4070 4d8b | 0048 8bfe 

  0x000000010e53ae7c: ;   {metadata(method data for {method} {0x000000011e059808} 'invoke' '(Ljava/lang/Object;[Ljava/lang/Object;)Ljava/lang/Object;' in 'java/lang/reflect/Method')}
  0x000000010e53ae7c: 48bb 3098 | b01e 0100 | 0000 4883 | 83a0 0100 | 0001 488b | d048 8bde 

  0x000000010e53ae94: ;   {optimized virtual_call}
  0x000000010e53ae94: 488b f3e8 

  0x000000010e53ae98: ; ImmutableOopMap {[88]=Oop [80]=Oop [72]=Oop }
                      ;*invokevirtual checkAccess {reexecute=0 rethrow=0 return_oop=0}
                      ; - java.lang.reflect.Method::invoke@39
  0x000000010e53ae98: e432 0000 | 488b 7424 | 488b 7e4c | 48c1 e703 | 4883 ff00 

  0x000000010e53aeac: ;   {metadata(method data for {method} {0x000000011e059808} 'invoke' '(Ljava/lang/Object;[Ljava/lang/Object;)Ljava/lang/Object;' in 'java/lang/reflect/Method')}
  0x000000010e53aeac: 48bb 3098 | b01e 0100 | 0000 48b8 | d801 0000 | 0000 0000 | 0f85 0a00 | 0000 48b8 | e801 0000 
  0x000000010e53aecc: 0000 0000 | 488b 1403 | 488d 5201 | 4889 1403 | 0f85 1d00 | 0000 488b 

  0x000000010e53aee4: ;   {metadata(method data for {method} {0x000000011e059808} 'invoke' '(Ljava/lang/Object;[Ljava/lang/Object;)Ljava/lang/Object;' in 'java/lang/reflect/Method')}
  0x000000010e53aee4: fe48 bb30 | 98b0 1e01 | 0000 0048 | 8383 f801 

  0x000000010e53aef4: ;   {optimized virtual_call}
  0x000000010e53aef4: 0000 01e8 

  0x000000010e53aef8: ; ImmutableOopMap {[88]=Oop [80]=Oop }
                      ;*invokevirtual acquireMethodAccessor {reexecute=0 rethrow=0 return_oop=0}
                      ; - java.lang.reflect.Method::invoke@52
  0x000000010e53aef8: 8901 0000 | 488b f848 | 8b4c 2458 | 488b 5424 | 5048 3b07 

  0x000000010e53af0c: ;   {metadata(method data for {method} {0x000000011e059808} 'invoke' '(Ljava/lang/Object;[Ljava/lang/Object;)Ljava/lang/Object;' in 'java/lang/reflect/Method')}
  0x000000010e53af0c: 488b f748 | bb30 98b0 | 1e01 0000 | 008b 7608 | 49ba 0000 | 0000 0800 | 0000 4903 | f248 3bb3 
  0x000000010e53af2c: 4002 0000 | 750d 4883 | 8348 0200 | 0001 e966 | 0000 0048 | 3bb3 5002 | 0000 750d | 4883 8358 
  0x000000010e53af4c: 0200 0001 | e950 0000 | 0048 81bb | 4002 0000 | 0000 0000 | 7517 4889 | b340 0200 | 0048 c783 
  0x000000010e53af6c: 4802 0000 | 0100 0000 | e92c 0000 | 0048 81bb | 5002 0000 | 0000 0000 | 7517 4889 | b350 0200 
  0x000000010e53af8c: 0048 c783 | 5802 0000 | 0100 0000 | e908 0000 | 0048 8383 | 3002 0000 | 0148 8bf7 | 0f1f 4400 
  0x000000010e53afac: 0048 b8a0 | 6402 0008 

  0x000000010e53afb4: ;   {virtual_call}
  0x000000010e53afb4: 0000 00e8 

  0x000000010e53afb8: ; ImmutableOopMap {}
                      ;*invokeinterface invoke {reexecute=0 rethrow=0 return_oop=0}
                      ; - java.lang.reflect.Method::invoke@59
  0x000000010e53afb8: 041d 0000 | 4883 c470 

  0x000000010e53afc0: ;   {poll_return}
  0x000000010e53afc0: 5d49 3ba7 | 4803 0000 | 0f87 4d00 

  0x000000010e53afcc: ;   {metadata({method} {0x000000011e059808} 'invoke' '(Ljava/lang/Object;[Ljava/lang/Object;)Ljava/lang/Object;' in 'java/lang/reflect/Method')}
  0x000000010e53afcc: 0000 c349 | ba08 9805 | 1e01 0000 | 004c 8954 | 2408 48c7 | 0424 ffff 

  0x000000010e53afe4: ;   {runtime_call counter_overflow Runtime1 stub}
  0x000000010e53afe4: ffff e895 

  0x000000010e53afe8: ; ImmutableOopMap {rsi=Oop [72]=Oop rdx=Oop [80]=Oop rcx=Oop }
                      ;*synchronization entry
                      ; - java.lang.reflect.Method::invoke@-1
  0x000000010e53afe8: aa49 07e9 | eefc ffff 

  0x000000010e53aff0: ;   {metadata({method} {0x000000011e209c38} 'isStatic' '(I)Z' in 'java/lang/reflect/Modifier')}
  0x000000010e53aff0: 49ba 389c | 201e 0100 | 0000 4c89 | 5424 0848 | c704 24ff 

  0x000000010e53b004: ;   {runtime_call counter_overflow Runtime1 stub}
  0x000000010e53b004: ffff ffe8 

  0x000000010e53b008: ; ImmutableOopMap {[88]=Oop [80]=Oop rax=Oop rsi=Oop [72]=Oop rcx=Oop }
                      ;*synchronization entry
                      ; - java.lang.reflect.Modifier::isStatic@-1
                      ; - java.lang.reflect.Method::invoke@21
  0x000000010e53b008: 74aa 4907 | e97a fdff 

  0x000000010e53b010: ;   {runtime_call throw_null_pointer_exception Runtime1 stub}
  0x000000010e53b010: ffe8 8a59 

  0x000000010e53b014: ; ImmutableOopMap {[88]=Oop rax=Oop rsi=Oop [72]=Oop rcx=Oop rdx=Oop [80]=Oop }
                      ;*invokevirtual getClass {reexecute=0 rethrow=0 return_oop=0}
                      ; - java.lang.reflect.Method::invoke@32
                      ;   {runtime_call throw_null_pointer_exception Runtime1 stub}
  0x000000010e53b014: 4907 e885 

  0x000000010e53b018: ; ImmutableOopMap {rdi=Oop rcx=Oop rdx=Oop [80]=Oop }
                      ;*invokeinterface invoke {reexecute=0 rethrow=0 return_oop=0}
                      ; - java.lang.reflect.Method::invoke@59
                      ;   {internal_word}
  0x000000010e53b018: 5949 0749 | bac1 af53 | 0e01 0000 | 004d 8997 | 6003 0000 

  0x000000010e53b02c: ;   {runtime_call SafepointBlob}
  0x000000010e53b02c: e9cf b33f | 0790 9049 | 8b87 d803 | 0000 49c7 | 87d8 0300 | 0000 0000 | 0049 c787 | e003 0000 
  0x000000010e53b04c: 0000 0000 | 4883 c470 

  0x000000010e53b054: ;   {runtime_call unwind_exception Runtime1 stub}
  0x000000010e53b054: 5de9 264a | 4907 f4f4 | f4f4 f4f4 
[Stub Code]
  0x000000010e53b060: ;   {no_reloc}
  0x000000010e53b060: 0f1f 4400 

  0x000000010e53b064: ;   {static_stub}
  0x000000010e53b064: 0048 bb00 | 0000 0000 

  0x000000010e53b06c: ;   {runtime_call}
  0x000000010e53b06c: 0000 00e9 | fbff ffff 

  0x000000010e53b074: ;   {static_stub}
  0x000000010e53b074: 9048 bb00 | 0000 0000 

  0x000000010e53b07c: ;   {runtime_call}
  0x000000010e53b07c: 0000 00e9 | fbff ffff 

  0x000000010e53b084: ;   {static_stub}
  0x000000010e53b084: 9048 bb38 | 9b05 1e01 

  0x000000010e53b08c: ;   {runtime_call I2C/C2I adapters}
  0x000000010e53b08c: 0000 00e9 | c596 3f07 

  0x000000010e53b094: ;   {static_stub}
  0x000000010e53b094: 9048 bb00 | 0000 0000 

  0x000000010e53b09c: ;   {runtime_call}
  0x000000010e53b09c: 0000 00e9 | fbff ffff 
[Exception Handler]
  0x000000010e53b0a4: ;   {runtime_call handle_exception_from_callee Runtime1 stub}
  0x000000010e53b0a4: e8d7 7649 

  0x000000010e53b0a8: ;   {external_word}
  0x000000010e53b0a8: 0748 bfd3 | 4654 0401 | 0000 0048 

  0x000000010e53b0b4: ;   {runtime_call _ZN14MacroAssembler7debug64EPcxPx}
  0x000000010e53b0b4: 83e4 f0e8 | 0451 c2f5 

  0x000000010e53b0bc: ;   {section_word}
  0x000000010e53b0bc: f449 babd | b053 0e01 | 0000 0041 

  0x000000010e53b0c8: ;   {runtime_call DeoptimizationBlob}
  0x000000010e53b0c8: 52e9 d2a5 | 3f07 f4f4 
[/MachCode]


---------------  P R O C E S S  ---------------

Threads class SMR info:
_java_thread_list=0x00007fd02d24fa50, length=24, elements={
0x00007fd02c001c00, 0x00007fd02b80fc00, 0x00007fd02e800000, 0x00007fd02d808e00,
0x00007fd02c026800, 0x00007fd02d800e00, 0x00007fd02c028600, 0x00007fd02d801400,
0x00007fd02f012200, 0x00007fd02c81c200, 0x00007fd02c809c00, 0x00007fd02f015c00,
0x00007fd02c002200, 0x00007fd02c01be00, 0x00007fd02e011c00, 0x00007fd02d825a00,
0x00007fd02c812600, 0x00007fd02e808a00, 0x00007fd02e8d9000, 0x00007fd02e8d9600,
0x00007fd02f808e00, 0x00007fd02c029a00, 0x00007fd02d819400, 0x00007fd02e8df000
}

Java Threads: ( => current thread )
=>0x00007fd02c001c00 JavaThread "main" [_thread_in_native, id=8451, stack(0x000070000c764000,0x000070000c864000)]
  0x00007fd02b80fc00 JavaThread "Reference Handler" daemon [_thread_blocked, id=16643, stack(0x000070000ca6d000,0x000070000cb6d000)]
  0x00007fd02e800000 JavaThread "Finalizer" daemon [_thread_blocked, id=16387, stack(0x000070000cb70000,0x000070000cc70000)]
  0x00007fd02d808e00 JavaThread "Signal Dispatcher" daemon [_thread_blocked, id=14595, stack(0x000070000cc73000,0x000070000cd73000)]
  0x00007fd02c026800 JavaThread "Service Thread" daemon [_thread_blocked, id=14083, stack(0x000070000cd76000,0x000070000ce76000)]
  0x00007fd02d800e00 JavaThread "Monitor Deflation Thread" daemon [_thread_blocked, id=22019, stack(0x000070000ce79000,0x000070000cf79000)]
  0x00007fd02c028600 JavaThread "C2 CompilerThread0" daemon [_thread_blocked, id=43267, stack(0x000070000cf7c000,0x000070000d07c000)]
  0x00007fd02d801400 JavaThread "C1 CompilerThread0" daemon [_thread_in_native, id=42755, stack(0x000070000d07f000,0x000070000d17f000)]
  0x00007fd02f012200 JavaThread "Sweeper thread" daemon [_thread_blocked, id=42243, stack(0x000070000d182000,0x000070000d282000)]
  0x00007fd02c81c200 JavaThread "Common-Cleaner" daemon [_thread_blocked, id=41987, stack(0x000070000d285000,0x000070000d385000)]
  0x00007fd02c809c00 JavaThread "Notification Thread" daemon [_thread_blocked, id=41731, stack(0x000070000d388000,0x000070000d488000)]
  0x00007fd02f015c00 JavaThread "C2 CompilerThread1" daemon [_thread_blocked, id=40963, stack(0x000070000d58e000,0x000070000d68e000)]
  0x00007fd02c002200 JavaThread "C2 CompilerThread2" daemon [_thread_blocked, id=23555, stack(0x000070000d691000,0x000070000d791000)]
  0x00007fd02c01be00 JavaThread "process reaper" daemon [_thread_blocked, id=24067, stack(0x000070000d794000,0x000070000d7b8000)]
  0x00007fd02e011c00 JavaThread "Equinox resolver thread - Equinox Container: 9785c6a2-d9e3-4e8d-9ffe-ce613c0567ee" daemon [_thread_blocked, id=40195, stack(0x000070000dcca000,0x000070000ddca000)]
  0x00007fd02d825a00 JavaThread "Equinox resolver thread - Equinox Container: 9785c6a2-d9e3-4e8d-9ffe-ce613c0567ee" daemon [_thread_blocked, id=26627, stack(0x000070000ddcd000,0x000070000decd000)]
  0x00007fd02c812600 JavaThread "Equinox resolver thread - Equinox Container: 9785c6a2-d9e3-4e8d-9ffe-ce613c0567ee" daemon [_thread_blocked, id=39427, stack(0x000070000ded0000,0x000070000dfd0000)]
  0x00007fd02e808a00 JavaThread "Equinox resolver thread - Equinox Container: 9785c6a2-d9e3-4e8d-9ffe-ce613c0567ee" daemon [_thread_blocked, id=38915, stack(0x000070000dfd3000,0x000070000e0d3000)]
  0x00007fd02e8d9000 JavaThread "Equinox resolver thread - Equinox Container: 9785c6a2-d9e3-4e8d-9ffe-ce613c0567ee" daemon [_thread_blocked, id=38659, stack(0x000070000e0d6000,0x000070000e1d6000)]
  0x00007fd02e8d9600 JavaThread "Equinox resolver thread - Equinox Container: 9785c6a2-d9e3-4e8d-9ffe-ce613c0567ee" daemon [_thread_blocked, id=38403, stack(0x000070000e1d9000,0x000070000e2d9000)]
  0x00007fd02f808e00 JavaThread "Active Thread: Equinox Container: 9785c6a2-d9e3-4e8d-9ffe-ce613c0567ee" [_thread_blocked, id=27651, stack(0x000070000e2dc000,0x000070000e3dc000)]
  0x00007fd02c029a00 JavaThread "Framework Event Dispatcher: Equinox Container: 9785c6a2-d9e3-4e8d-9ffe-ce613c0567ee" daemon [_thread_blocked, id=38147, stack(0x000070000e3df000,0x000070000e4df000)]
  0x00007fd02d819400 JavaThread "Start Level: Equinox Container: 9785c6a2-d9e3-4e8d-9ffe-ce613c0567ee" daemon [_thread_blocked, id=28163, stack(0x000070000e4e2000,0x000070000e5e2000)]
  0x00007fd02e8df000 JavaThread "Refresh Thread: Equinox Container: 9785c6a2-d9e3-4e8d-9ffe-ce613c0567ee" daemon [_thread_in_Java, id=37123, stack(0x000070000e7eb000,0x000070000e8eb000)]

Other Threads:
  0x00007fd02d004ae0 VMThread "VM Thread" [stack: 0x000070000c96a000,0x000070000ca6a000] [id=13059]
  0x00007fd02b7597f0 WatcherThread [stack: 0x000070000d48b000,0x000070000d58b000] [id=41219]
  0x00007fd02b60d0d0 GCTaskThread "GC Thread#0" [stack: 0x000070000c867000,0x000070000c967000] [id=18947]
  0x00007fd02b64c700 GCTaskThread "GC Thread#1" [stack: 0x000070000d7bb000,0x000070000d8bb000] [id=40707]
  0x00007fd02d1472d0 GCTaskThread "GC Thread#2" [stack: 0x000070000d8be000,0x000070000d9be000] [id=24579]
  0x00007fd02d147b10 GCTaskThread "GC Thread#3" [stack: 0x000070000d9c1000,0x000070000dac1000] [id=25091]
  0x00007fd02b53a8a0 GCTaskThread "GC Thread#4" [stack: 0x000070000dac4000,0x000070000dbc4000] [id=25603]
  0x00007fd02b53b040 GCTaskThread "GC Thread#5" [stack: 0x000070000dbc7000,0x000070000dcc7000] [id=26115]
  0x00007fd02b673d20 GCTaskThread "GC Thread#6" [stack: 0x000070000e5e5000,0x000070000e6e5000] [id=28419]
  0x00007fd02d24b3a0 GCTaskThread "GC Thread#7" [stack: 0x000070000e6e8000,0x000070000e7e8000] [id=28675]

Threads with active compile tasks:
C1 CompilerThread0     1053 1738       3       org.eclipse.osgi.internal.framework.FilterImpl$Item::compare (347 bytes)

VM state: not at safepoint (normal execution)

VM Mutex/Monitor currently owned by a thread:  ([mutex/lock_event])
[0x00007fd02d104d10] MethodData_lock - owner thread: 0x00007fd02d801400

Heap address: 0x00000007c0000000, size: 1024 MB, Compressed Oops mode: Zero based, Oop shift amount: 3

CDS archive(s) not mapped
Compressed class space mapped at: 0x0000000800000000-0x0000000840000000, reserved size: 1073741824
Narrow klass base: 0x0000000800000000, Narrow klass shift: 0, Narrow klass range: 0x40000000

GC Precious Log:
 CPUs: 8 total, 8 available
 Memory: 16384M
 Large Page Support: Disabled
 NUMA Support: Disabled
 Compressed Oops: Enabled (Zero based)
 Alignments: Space 512K, Generation 512K, Heap 2M
 Heap Min Capacity: 100M
 Heap Initial Capacity: 100M
 Heap Max Capacity: 1G
 Pre-touch: Disabled
 Parallel Workers: 8

Heap:
 PSYoungGen      total 29696K, used 21070K [0x00000007eab00000, 0x00000007ecc00000, 0x0000000800000000)
  eden space 25600K, 66% used [0x00000007eab00000,0x00000007ebb93d90,0x00000007ec400000)
  from space 4096K, 99% used [0x00000007ec800000,0x00000007ecbffe50,0x00000007ecc00000)
  to   space 4096K, 0% used [0x00000007ec400000,0x00000007ec400000,0x00000007ec800000)
 ParOldGen       total 68608K, used 764K [0x00000007c0000000, 0x00000007c4300000, 0x00000007eab00000)
  object space 68608K, 1% used [0x00000007c0000000,0x00000007c00bf350,0x00000007c4300000)
 Metaspace       used 14517K, committed 14720K, reserved 1114112K
  class space    used 1475K, committed 1600K, reserved 1048576K

Card table byte_map: [0x00000001079b7000,0x0000000107bb8000] _byte_map_base: 0x0000000103bb7000

Marking Bits: (ParMarkBitMap*) 0x000000010471a270
 Begin Bits: [0x0000000107d0e000, 0x0000000108d0e000)
 End Bits:   [0x0000000108d0e000, 0x0000000109d0e000)

Polling page: 0x0000000107747000

Metaspace:

Usage:
  Non-class:     12.74 MB used.
      Class:      1.44 MB used.
       Both:     14.18 MB used.

Virtual space:
  Non-class space:       64.00 MB reserved,      12.81 MB ( 20%) committed,  1 nodes.
      Class space:        1.00 GB reserved,       1.56 MB ( <1%) committed,  1 nodes.
             Both:        1.06 GB reserved,      14.38 MB (  1%) committed. 

Chunk freelists:
   Non-Class:  2.78 MB
       Class:  14.42 MB
        Both:  17.20 MB

MaxMetaspaceSize: unlimited
CompressedClassSpaceSize: 1.00 GB
Initial GC threshold: 21.00 MB
Current GC threshold: 21.00 MB
CDS: off
MetaspaceReclaimPolicy: balanced
 - commit_granule_bytes: 65536.
 - commit_granule_words: 8192.
 - virtual_space_node_default_size: 8388608.
 - enlarge_chunks_in_place: 1.
 - new_chunks_are_fully_committed: 0.
 - uncommit_free_chunks: 1.
 - use_allocation_guard: 0.
 - handle_deallocations: 1.


Internal statistics:

num_allocs_failed_limit: 0.
num_arena_births: 70.
num_arena_deaths: 0.
num_vsnodes_births: 2.
num_vsnodes_deaths: 0.
num_space_committed: 230.
num_space_uncommitted: 0.
num_chunks_returned_to_freelist: 0.
num_chunks_taken_from_freelist: 249.
num_chunk_merges: 0.
num_chunk_splits: 173.
num_chunks_enlarged: 141.
num_inconsistent_stats: 0.

CodeHeap 'non-profiled nmethods': size=120028Kb used=738Kb max_used=738Kb free=119289Kb
 bounds [0x0000000115e71000, 0x00000001160e1000, 0x000000011d3a8000]
CodeHeap 'profiled nmethods': size=120028Kb used=3301Kb max_used=3301Kb free=116727Kb
 bounds [0x000000010e3a8000, 0x000000010e6e8000, 0x00000001158df000]
CodeHeap 'non-nmethods': size=5704Kb used=1147Kb max_used=1180Kb free=4556Kb
 bounds [0x00000001158df000, 0x0000000115b4f000, 0x0000000115e71000]
 total_blobs=2180 nmethods=1737 adapters=359
 compilation: enabled
              stopped_count=0, restarted_count=0
 full_count=0

Compilation events (20 events):
Event: 1.035 Thread 0x00007fd02d801400 nmethod 1671 0x000000010e6c9b10 code [0x000000010e6c9cc0, 0x000000010e6c9e00]
Event: 1.037 Thread 0x00007fd02c002200 1675       4       java.util.LinkedHashMap$LinkedHashIterator::hasNext (13 bytes)
Event: 1.037 Thread 0x00007fd02c002200 nmethod 1675 0x0000000115f25d90 code [0x0000000115f25f00, 0x0000000115f25f98]
Event: 1.038 Thread 0x00007fd02d801400 1676       3       org.eclipse.osgi.internal.framework.EquinoxBundle::getBundleId (11 bytes)
Event: 1.038 Thread 0x00007fd02c002200 1677       4       java.lang.Object::equals (11 bytes)
Event: 1.038 Thread 0x00007fd02d801400 nmethod 1676 0x000000010e6c9f10 code [0x000000010e6ca0c0, 0x000000010e6ca210]
Event: 1.039 Thread 0x00007fd02c002200 nmethod 1677 0x0000000115f26090 code [0x0000000115f26200, 0x0000000115f26298]
Event: 1.039 Thread 0x00007fd02d801400 1678       1       org.eclipse.osgi.container.Module::getRevisions (5 bytes)
Event: 1.039 Thread 0x00007fd02d801400 nmethod 1678 0x0000000115f26390 code [0x0000000115f26520, 0x0000000115f265f0]
Event: 1.039 Thread 0x00007fd02d801400 1679       3       java.util.ArrayList::<init> (63 bytes)
Event: 1.039 Thread 0x00007fd02d801400 nmethod 1679 0x000000010e6ca310 code [0x000000010e6ca500, 0x000000010e6ca9d0]
Event: 1.039 Thread 0x00007fd02d801400 1680       3       org.eclipse.osgi.container.Module::compareTo (9 bytes)
Event: 1.039 Thread 0x00007fd02d801400 nmethod 1680 0x000000010e6cab90 code [0x000000010e6cad40, 0x000000010e6caf60]
Event: 1.039 Thread 0x00007fd02d801400 1681       3       org.eclipse.osgi.container.Module::compareTo (54 bytes)
Event: 1.039 Thread 0x00007fd02d801400 nmethod 1681 0x000000010e6cb010 code [0x000000010e6cb1e0, 0x000000010e6cb4f0]
Event: 1.040 Thread 0x00007fd02d801400 1683       3       org.eclipse.osgi.container.Module::getCurrentRevision (8 bytes)
Event: 1.040 Thread 0x00007fd02d801400 nmethod 1683 0x000000010e6cb610 code [0x000000010e6cb7c0, 0x000000010e6cb900]
Event: 1.040 Thread 0x00007fd02d801400 1684   !   3       org.eclipse.osgi.container.ModuleRevisions::getCurrentRevision (56 bytes)
Event: 1.040 Thread 0x00007fd02d801400 nmethod 1684 0x000000010e6cba10 code [0x000000010e6cbc00, 0x000000010e6cc1d0]
Event: 1.040 Thread 0x00007fd02d801400 1685       3       java.util.ArrayList$SubList$1::next (85 bytes)

GC Heap History (4 events):
Event: 0.649 GC heap before
{Heap before GC invocations=1 (full 0):
 PSYoungGen      total 29696K, used 25600K [0x00000007eab00000, 0x00000007ecc00000, 0x0000000800000000)
  eden space 25600K, 100% used [0x00000007eab00000,0x00000007ec400000,0x00000007ec400000)
  from space 4096K, 0% used [0x00000007ec800000,0x00000007ec800000,0x00000007ecc00000)
  to   space 4096K, 0% used [0x00000007ec400000,0x00000007ec400000,0x00000007ec800000)
 ParOldGen       total 68608K, used 0K [0x00000007c0000000, 0x00000007c4300000, 0x00000007eab00000)
  object space 68608K, 0% used [0x00000007c0000000,0x00000007c0000000,0x00000007c4300000)
 Metaspace       used 11071K, committed 11200K, reserved 1114112K
  class space    used 1121K, committed 1152K, reserved 1048576K
}
Event: 0.652 GC heap after
{Heap after GC invocations=1 (full 0):
 PSYoungGen      total 29696K, used 3101K [0x00000007eab00000, 0x00000007ecc00000, 0x0000000800000000)
  eden space 25600K, 0% used [0x00000007eab00000,0x00000007eab00000,0x00000007ec400000)
  from space 4096K, 75% used [0x00000007ec400000,0x00000007ec7075c8,0x00000007ec800000)
  to   space 4096K, 0% used [0x00000007ec800000,0x00000007ec800000,0x00000007ecc00000)
 ParOldGen       total 68608K, used 16K [0x00000007c0000000, 0x00000007c4300000, 0x00000007eab00000)
  object space 68608K, 0% used [0x00000007c0000000,0x00000007c0004000,0x00000007c4300000)
 Metaspace       used 11071K, committed 11200K, reserved 1114112K
  class space    used 1121K, committed 1152K, reserved 1048576K
}
Event: 0.954 GC heap before
{Heap before GC invocations=2 (full 0):
 PSYoungGen      total 29696K, used 28701K [0x00000007eab00000, 0x00000007ecc00000, 0x0000000800000000)
  eden space 25600K, 100% used [0x00000007eab00000,0x00000007ec400000,0x00000007ec400000)
  from space 4096K, 75% used [0x00000007ec400000,0x00000007ec7075c8,0x00000007ec800000)
  to   space 4096K, 0% used [0x00000007ec800000,0x00000007ec800000,0x00000007ecc00000)
 ParOldGen       total 68608K, used 16K [0x00000007c0000000, 0x00000007c4300000, 0x00000007eab00000)
  object space 68608K, 0% used [0x00000007c0000000,0x00000007c0004000,0x00000007c4300000)
 Metaspace       used 14242K, committed 14464K, reserved 1114112K
  class space    used 1448K, committed 1536K, reserved 1048576K
}
Event: 0.958 GC heap after
{Heap after GC invocations=2 (full 0):
 PSYoungGen      total 29696K, used 4095K [0x00000007eab00000, 0x00000007ecc00000, 0x0000000800000000)
  eden space 25600K, 0% used [0x00000007eab00000,0x00000007eab00000,0x00000007ec400000)
  from space 4096K, 99% used [0x00000007ec800000,0x00000007ecbffe50,0x00000007ecc00000)
  to   space 4096K, 0% used [0x00000007ec400000,0x00000007ec400000,0x00000007ec800000)
 ParOldGen       total 68608K, used 764K [0x00000007c0000000, 0x00000007c4300000, 0x00000007eab00000)
  object space 68608K, 1% used [0x00000007c0000000,0x00000007c00bf350,0x00000007c4300000)
 Metaspace       used 14242K, committed 14464K, reserved 1114112K
  class space    used 1448K, committed 1536K, reserved 1048576K
}

Dll operation events (9 events):
Event: 0.007 Loaded shared library /Users/iehr/.vscode/extensions/redhat.java-1.27.0-darwin-x64/jre/17.0.10-macosx-x86_64/lib/libjava.dylib
Event: 0.170 Loaded shared library /Users/iehr/.vscode/extensions/redhat.java-1.27.0-darwin-x64/jre/17.0.10-macosx-x86_64/lib/libzip.dylib
Event: 0.172 Loaded shared library /Users/iehr/.vscode/extensions/redhat.java-1.27.0-darwin-x64/jre/17.0.10-macosx-x86_64/lib/libinstrument.dylib
Event: 0.181 Loaded shared library /Users/iehr/.vscode/extensions/redhat.java-1.27.0-darwin-x64/jre/17.0.10-macosx-x86_64/lib/libnio.dylib
Event: 0.192 Loaded shared library /Users/iehr/.vscode/extensions/redhat.java-1.27.0-darwin-x64/jre/17.0.10-macosx-x86_64/lib/libzip.dylib
Event: 0.207 Loaded shared library /Users/iehr/.vscode/extensions/redhat.java-1.27.0-darwin-x64/jre/17.0.10-macosx-x86_64/lib/libjimage.dylib
Event: 0.262 Loaded shared library /Users/iehr/.vscode/extensions/redhat.java-1.27.0-darwin-x64/jre/17.0.10-macosx-x86_64/lib/libverify.dylib
Event: 0.676 Loaded shared library /Users/iehr/.vscode/extensions/redhat.java-1.27.0-darwin-x64/jre/17.0.10-macosx-x86_64/lib/libnet.dylib
Event: 1.040 Loaded shared library /Users/iehr/Library/Application Support/Code/User/globalStorage/redhat.java/1.27.0/config_mac/org.eclipse.equinox.launcher/org.eclipse.equinox.launcher.cocoa.macosx.x86_64_1.2.900.v20240129-1338/eclipse_11900.so

Deoptimization events (20 events):
Event: 1.016 Thread 0x00007fd02c001c00 Uncommon trap: trap_request=0xffffffcc fr.pc=0x0000000115f1fdd0 relative=0x0000000000000130
Event: 1.016 Thread 0x00007fd02c001c00 Uncommon trap: reason=intrinsic_or_type_checked_inlining action=make_not_entrant pc=0x0000000115f1fdd0 method=java.util.ArrayList.toArray([Ljava/lang/Object;)[Ljava/lang/Object; @ 36 c2
Event: 1.016 Thread 0x00007fd02c001c00 DEOPT PACKING pc=0x0000000115f1fdd0 sp=0x000070000c862a50
Event: 1.016 Thread 0x00007fd02c001c00 DEOPT UNPACKING pc=0x0000000115935399 sp=0x000070000c8629f0 mode 2
Event: 1.017 Thread 0x00007fd02c001c00 DEOPT PACKING pc=0x000000010e6a50d5 sp=0x000070000c8626b0
Event: 1.017 Thread 0x00007fd02c001c00 DEOPT UNPACKING pc=0x0000000115935b2f sp=0x000070000c861b58 mode 0
Event: 1.017 Thread 0x00007fd02c001c00 DEOPT PACKING pc=0x000000010e6a50d5 sp=0x000070000c8626b0
Event: 1.017 Thread 0x00007fd02c001c00 DEOPT UNPACKING pc=0x0000000115935b2f sp=0x000070000c861b58 mode 0
Event: 1.017 Thread 0x00007fd02c001c00 DEOPT PACKING pc=0x000000010e6a50d5 sp=0x000070000c8626c0
Event: 1.017 Thread 0x00007fd02c001c00 DEOPT UNPACKING pc=0x0000000115935b2f sp=0x000070000c861b68 mode 0
Event: 1.018 Thread 0x00007fd02c001c00 DEOPT PACKING pc=0x000000010e6a50d5 sp=0x000070000c8626c0
Event: 1.018 Thread 0x00007fd02c001c00 DEOPT UNPACKING pc=0x0000000115935b2f sp=0x000070000c861b68 mode 0
Event: 1.019 Thread 0x00007fd02c001c00 DEOPT PACKING pc=0x000000010e6a50d5 sp=0x000070000c8626c0
Event: 1.019 Thread 0x00007fd02c001c00 DEOPT UNPACKING pc=0x0000000115935b2f sp=0x000070000c861b68 mode 0
Event: 1.019 Thread 0x00007fd02c001c00 DEOPT PACKING pc=0x000000010e6a50d5 sp=0x000070000c8626c0
Event: 1.019 Thread 0x00007fd02c001c00 DEOPT UNPACKING pc=0x0000000115935b2f sp=0x000070000c861b68 mode 0
Event: 1.022 Thread 0x00007fd02c001c00 Uncommon trap: trap_request=0xffffffdc fr.pc=0x0000000115f21ab8 relative=0x0000000000000298
Event: 1.023 Thread 0x00007fd02c001c00 Uncommon trap: reason=class_check action=make_not_entrant pc=0x0000000115f21ab8 method=java.util.ArrayList.toArray([Ljava/lang/Object;)[Ljava/lang/Object; @ 21 c2
Event: 1.023 Thread 0x00007fd02c001c00 DEOPT PACKING pc=0x0000000115f21ab8 sp=0x000070000c862650
Event: 1.023 Thread 0x00007fd02c001c00 DEOPT UNPACKING pc=0x0000000115935399 sp=0x000070000c862600 mode 2

Classes unloaded (0 events):
No events

Classes redefined (0 events):
No events

Internal exceptions (20 events):
Event: 0.489 Thread 0x00007fd02c001c00 Exception <a 'java/lang/NoSuchMethodError'{0x00000007eb8d9fc0}: 'java.lang.Object java.lang.invoke.DirectMethodHandle$Holder.invokeStaticInit(java.lang.Object)'> (0x00000007eb8d9fc0) 
thrown [src/hotspot/share/interpreter/linkResolver.cpp, line 759]
Event: 0.491 Thread 0x00007fd02c001c00 Exception <a 'java/lang/NoSuchMethodError'{0x00000007eb8f00b8}: 'java.lang.Object java.lang.invoke.DirectMethodHandle$Holder.invokeStaticInit(java.lang.Object, java.lang.Object, long, java.lang.Object)'> (0x00000007eb8f00b8) 
thrown [src/hotspot/share/interpreter/linkResolver.cpp, line 759]
Event: 0.492 Thread 0x00007fd02c001c00 Exception <a 'java/lang/NoSuchMethodError'{0x00000007eb8f6718}: 'java.lang.Object java.lang.invoke.DirectMethodHandle$Holder.newInvokeSpecial(java.lang.Object, java.lang.Object, long)'> (0x00000007eb8f6718) 
thrown [src/hotspot/share/interpreter/linkResolver.cpp, line 759]
Event: 0.493 Thread 0x00007fd02c001c00 Exception <a 'java/lang/NoSuchMethodError'{0x00000007eb8faa70}: 'java.lang.Object java.lang.invoke.Invokers$Holder.linkToTargetMethod(java.lang.Object, long, java.lang.Object)'> (0x00000007eb8faa70) 
thrown [src/hotspot/share/interpreter/linkResolver.cpp, line 759]
Event: 0.499 Thread 0x00007fd02c001c00 Exception <a 'java/lang/NoSuchMethodError'{0x00000007eb9251a8}: 'java.lang.Object java.lang.invoke.DirectMethodHandle$Holder.newInvokeSpecial(java.lang.Object, java.lang.Object, java.lang.Object, int)'> (0x00000007eb9251a8) 
thrown [src/hotspot/share/interpreter/linkResolver.cpp, line 759]
Event: 0.500 Thread 0x00007fd02c001c00 Exception <a 'java/lang/NoSuchMethodError'{0x00000007eb92cb18}: 'java.lang.Object java.lang.invoke.Invokers$Holder.linkToTargetMethod(java.lang.Object, java.lang.Object, int, java.lang.Object)'> (0x00000007eb92cb18) 
thrown [src/hotspot/share/interpreter/linkResolver.cpp, line 759]
Event: 0.617 Thread 0x00007fd02c001c00 Exception <a 'java/io/FileNotFoundException'{0x00000007ec1fd138}> (0x00000007ec1fd138) 
thrown [src/hotspot/share/prims/jni.cpp, line 516]
Event: 0.639 Thread 0x00007fd02c001c00 Implicit null exception at 0x0000000115eb3ffb to 0x0000000115eb4968
Event: 0.639 Thread 0x00007fd02c001c00 Implicit null exception at 0x0000000115ec08ef to 0x0000000115ec0ae0
Event: 0.639 Thread 0x00007fd02c001c00 Implicit null exception at 0x0000000115ebf06f to 0x0000000115ebf264
Event: 0.639 Thread 0x00007fd02c001c00 Implicit null exception at 0x0000000115eb732f to 0x0000000115eb73a9
Event: 0.666 Thread 0x00007fd02c001c00 Exception <a 'java/lang/NoSuchMethodError'{0x00000007eac0c2e0}: 'int java.lang.invoke.DirectMethodHandle$Holder.invokeStaticInit(java.lang.Object, java.lang.Object, java.lang.Object, java.lang.Object)'> (0x00000007eac0c2e0) 
thrown [src/hotspot/share/interpreter/linkResolver.cpp, line 759]
Event: 0.667 Thread 0x00007fd02c001c00 Exception <a 'java/lang/NoSuchMethodError'{0x00000007eac16708}: 'java.lang.Object java.lang.invoke.DirectMethodHandle$Holder.invokeInterface(java.lang.Object, java.lang.Object)'> (0x00000007eac16708) 
thrown [src/hotspot/share/interpreter/linkResolver.cpp, line 759]
Event: 0.667 Thread 0x00007fd02c001c00 Exception <a 'java/lang/IncompatibleClassChangeError'{0x00000007eac19f00}: Found class java.lang.Object, but interface was expected> (0x00000007eac19f00) 
thrown [src/hotspot/share/interpreter/linkResolver.cpp, line 826]
Event: 0.668 Thread 0x00007fd02c001c00 Exception <a 'java/lang/NoSuchMethodError'{0x00000007eac1e3f0}: 'void java.lang.invoke.DirectMethodHandle$Holder.invokeStatic(java.lang.Object, java.lang.Object)'> (0x00000007eac1e3f0) 
thrown [src/hotspot/share/interpreter/linkResolver.cpp, line 759]
Event: 0.668 Thread 0x00007fd02c001c00 Exception <a 'java/lang/NoSuchMethodError'{0x00000007eac21bf0}: 'void java.lang.invoke.DirectMethodHandle$Holder.invokeStaticInit(java.lang.Object, java.lang.Object)'> (0x00000007eac21bf0) 
thrown [src/hotspot/share/interpreter/linkResolver.cpp, line 759]
Event: 0.669 Thread 0x00007fd02c001c00 Exception <a 'java/lang/NoSuchMethodError'{0x00000007eac29120}: 'int java.lang.invoke.DirectMethodHandle$Holder.invokeStaticInit(java.lang.Object, java.lang.Object)'> (0x00000007eac29120) 
thrown [src/hotspot/share/interpreter/linkResolver.cpp, line 759]
Event: 0.826 Thread 0x00007fd02c001c00 Exception <a 'java/lang/NoSuchMethodError'{0x00000007eb7154a0}: 'int java.lang.invoke.DirectMethodHandle$Holder.invokeSpecial(java.lang.Object, java.lang.Object, java.lang.Object)'> (0x00000007eb7154a0) 
thrown [src/hotspot/share/interpreter/linkResolver.cpp, line 759]
Event: 0.873 Thread 0x00007fd02c001c00 Exception <a 'java/lang/NoSuchMethodError'{0x00000007ebc039c0}: 'java.lang.Object java.lang.invoke.DirectMethodHandle$Holder.newInvokeSpecial(java.lang.Object, int, java.lang.Object)'> (0x00000007ebc039c0) 
thrown [src/hotspot/share/interpreter/linkResolver.cpp, line 759]
Event: 1.040 Thread 0x00007fd02c001c00 Exception <a 'java/lang/UnsatisfiedLinkError'{0x00000007eba77788}: 'void org.eclipse.equinox.launcher.JNIBridge._update_splash()'> (0x00000007eba77788) 
thrown [src/hotspot/share/prims/nativeLookup.cpp, line 543]

VM Operations (16 events):
Event: 0.152 Executing VM operation: HandshakeAllThreads
Event: 0.152 Executing VM operation: HandshakeAllThreads done
Event: 0.226 Executing VM operation: HandshakeAllThreads
Event: 0.226 Executing VM operation: HandshakeAllThreads done
Event: 0.458 Executing VM operation: HandshakeAllThreads
Event: 0.458 Executing VM operation: HandshakeAllThreads done
Event: 0.471 Executing VM operation: HandshakeAllThreads
Event: 0.471 Executing VM operation: HandshakeAllThreads done
Event: 0.639 Executing VM operation: ICBufferFull
Event: 0.639 Executing VM operation: ICBufferFull done
Event: 0.648 Executing VM operation: ParallelGCFailedAllocation
Event: 0.652 Executing VM operation: ParallelGCFailedAllocation done
Event: 0.864 Executing VM operation: HandshakeAllThreads
Event: 0.864 Executing VM operation: HandshakeAllThreads done
Event: 0.954 Executing VM operation: ParallelGCFailedAllocation
Event: 0.958 Executing VM operation: ParallelGCFailedAllocation done

Events (20 events):
Event: 0.882 loading class java/util/ConcurrentModificationException
Event: 0.883 loading class java/util/ConcurrentModificationException done
Event: 0.885 loading class java/net/ContentHandlerFactory
Event: 0.885 loading class java/net/ContentHandlerFactory done
Event: 0.886 loading class java/net/ContentHandler
Event: 0.886 loading class java/net/ContentHandler done
Event: 0.892 loading class javax/xml/parsers/ParserConfigurationException
Event: 0.892 loading class javax/xml/parsers/ParserConfigurationException done
Event: 0.893 loading class java/security/KeyStoreException
Event: 0.893 loading class java/security/KeyStoreException done
Event: 0.914 Thread 0x00007fd02c029a00 Thread added: 0x00007fd02c029a00
Event: 0.914 Protecting memory [0x000070000e3df000,0x000070000e3e3000] with protection modes 0
Event: 0.915 loading class java/util/MissingResourceException
Event: 0.915 loading class java/util/MissingResourceException done
Event: 0.915 Thread 0x00007fd02d819400 Thread added: 0x00007fd02d819400
Event: 0.915 Protecting memory [0x000070000e4e2000,0x000070000e4e6000] with protection modes 0
Event: 1.039 Thread 0x00007fd02e8df000 Thread added: 0x00007fd02e8df000
Event: 1.039 Protecting memory [0x000070000e7eb000,0x000070000e7ef000] with protection modes 0
Event: 1.040 loading class java/util/ArrayList$ListItr
Event: 1.041 loading class java/util/ArrayList$ListItr done


Dynamic libraries:
0x0000000102982000 	/Users/iehr/.vscode/extensions/redhat.java-1.27.0-darwin-x64/jre/17.0.10-macosx-x86_64/lib/libjli.dylib
0x00007fff36673000 	/System/Library/Frameworks/Cocoa.framework/Versions/A/Cocoa
0x00007fff42424000 	/System/Library/Frameworks/Security.framework/Versions/A/Security
0x00007fff35305000 	/System/Library/Frameworks/ApplicationServices.framework/Versions/A/ApplicationServices
0x00007fff5fe96000 	/usr/lib/libSystem.B.dylib
0x00007fff36ee8000 	/System/Library/Frameworks/CoreFoundation.framework/Versions/A/CoreFoundation
0x00007fff3916d000 	/System/Library/Frameworks/Foundation.framework/Versions/C/Foundation
0x00007fff616cf000 	/usr/lib/libobjc.A.dylib
0x00007fff344fe000 	/System/Library/Frameworks/AppKit.framework/Versions/C/AppKit
0x00007fff36a71000 	/System/Library/Frameworks/CoreData.framework/Versions/A/CoreData
0x00007fff5995a000 	/System/Library/PrivateFrameworks/RemoteViewServices.framework/Versions/A/RemoteViewServices
0x00007fff5dbd2000 	/System/Library/PrivateFrameworks/UIFoundation.framework/Versions/A/UIFoundation
0x00007fff5f2b7000 	/System/Library/PrivateFrameworks/XCTTargetBootstrap.framework/Versions/A/XCTTargetBootstrap
0x00007fff36df7000 	/System/Library/Frameworks/CoreDisplay.framework/Versions/A/CoreDisplay
0x00007fff5466d000 	/System/Library/PrivateFrameworks/IconServices.framework/Versions/A/IconServices
0x00007fff3ba8f000 	/System/Library/Frameworks/Metal.framework/Versions/A/Metal
0x00007fff4bbb1000 	/System/Library/PrivateFrameworks/DesktopServicesPriv.framework/Versions/A/DesktopServicesPriv
0x00007fff60a32000 	/usr/lib/libenergytrace.dylib
0x00007fff5c0b8000 	/System/Library/PrivateFrameworks/SkyLight.framework/Versions/A/SkyLight
0x00007fff3732f000 	/System/Library/Frameworks/CoreGraphics.framework/Versions/A/CoreGraphics
0x00007fff332ca000 	/System/Library/Frameworks/Accelerate.framework/Versions/A/Accelerate
0x00007fff398b6000 	/System/Library/Frameworks/IOSurface.framework/Versions/A/IOSurface
0x00007fff4ba1d000 	/System/Library/PrivateFrameworks/DFRFoundation.framework/Versions/A/DFRFoundation
0x00007fff357e8000 	/System/Library/Frameworks/AudioToolbox.framework/Versions/A/AudioToolbox
0x00007fff35a61000 	/System/Library/Frameworks/AudioUnit.framework/Versions/A/AudioUnit
0x00007fff4bab2000 	/System/Library/PrivateFrameworks/DataDetectorsCore.framework/Versions/A/DataDetectorsCore
0x00007fff36176000 	/System/Library/Frameworks/Carbon.framework/Versions/A/Frameworks/HIToolbox.framework/Versions/A/HIToolbox
0x00007fff60b8b000 	/usr/lib/libicucore.A.dylib
0x00007fff6253f000 	/usr/lib/libz.1.dylib
0x00007fff41995000 	/System/Library/Frameworks/QuartzCore.framework/Versions/A/QuartzCore
0x00007fff3654b000 	/System/Library/Frameworks/Carbon.framework/Versions/A/Frameworks/SpeechRecognition.framework/Versions/A/SpeechRecognition
0x00007fff5ffea000 	/usr/lib/libauto.dylib
0x00007fff62432000 	/usr/lib/libxml2.2.dylib
0x00007fff4b5f8000 	/System/Library/PrivateFrameworks/CoreUI.framework/Versions/A/CoreUI
0x00007fff3695c000 	/System/Library/Frameworks/CoreAudio.framework/Versions/A/CoreAudio
0x00007fff38fa1000 	/System/Library/Frameworks/DiskArbitration.framework/Versions/A/DiskArbitration
0x00007fff60e39000 	/usr/lib/liblangid.dylib
0x00007fff55a9e000 	/System/Library/PrivateFrameworks/MultitouchSupport.framework/Versions/A/MultitouchSupport
0x00007fff39825000 	/System/Library/Frameworks/IOKit.framework/Versions/A/IOKit
0x00007fff5fa56000 	/usr/lib/libDiagnosticMessagesClient.dylib
0x00007fff3813f000 	/System/Library/Frameworks/CoreServices.framework/Versions/A/CoreServices
0x00007fff57759000 	/System/Library/PrivateFrameworks/PerformanceAnalysis.framework/Versions/A/PerformanceAnalysis
0x00007fff40b7c000 	/System/Library/Frameworks/OpenGL.framework/Versions/A/OpenGL
0x00007fff36681000 	/System/Library/Frameworks/ColorSync.framework/Versions/A/ColorSync
0x00007fff379c1000 	/System/Library/Frameworks/CoreImage.framework/Versions/A/CoreImage
0x00007fff38b17000 	/System/Library/Frameworks/CoreText.framework/Versions/A/CoreText
0x00007fff39919000 	/System/Library/Frameworks/ImageIO.framework/Versions/A/ImageIO
0x00007fff47c48000 	/System/Library/PrivateFrameworks/Backup.framework/Versions/A/Backup
0x00007fff5ff3d000 	/usr/lib/libarchive.2.dylib
0x00007fff35dba000 	/System/Library/Frameworks/CFNetwork.framework/Versions/A/CFNetwork
0x00007fff42b80000 	/System/Library/Frameworks/SystemConfiguration.framework/Versions/A/SystemConfiguration
0x00007fff5f987000 	/usr/lib/libCRFSuite.dylib
0x00007fff600db000 	/usr/lib/libc++.1.dylib
0x00007fff6012f000 	/usr/lib/libc++abi.dylib
0x00007fff62d35000 	/usr/lib/system/libcache.dylib
0x00007fff62d3a000 	/usr/lib/system/libcommonCrypto.dylib
0x00007fff62d45000 	/usr/lib/system/libcompiler_rt.dylib
0x00007fff62d4d000 	/usr/lib/system/libcopyfile.dylib
0x00007fff62d57000 	/usr/lib/system/libcorecrypto.dylib
0x00007fff62e62000 	/usr/lib/system/libdispatch.dylib
0x00007fff62e9c000 	/usr/lib/system/libdyld.dylib
0x00007fff62ec9000 	/usr/lib/system/libkeymgr.dylib
0x00007fff62ed7000 	/usr/lib/system/liblaunch.dylib
0x00007fff62ed8000 	/usr/lib/system/libmacho.dylib
0x00007fff62ede000 	/usr/lib/system/libquarantine.dylib
0x00007fff62ee1000 	/usr/lib/system/libremovefile.dylib
0x00007fff62ee3000 	/usr/lib/system/libsystem_asl.dylib
0x00007fff62efb000 	/usr/lib/system/libsystem_blocks.dylib
0x00007fff62efc000 	/usr/lib/system/libsystem_c.dylib
0x00007fff62f84000 	/usr/lib/system/libsystem_configuration.dylib
0x00007fff62f88000 	/usr/lib/system/libsystem_coreservices.dylib
0x00007fff62f8c000 	/usr/lib/system/libsystem_darwin.dylib
0x00007fff62f93000 	/usr/lib/system/libsystem_dnssd.dylib
0x00007fff62f9a000 	/usr/lib/system/libsystem_info.dylib
0x00007fff6300f000 	/usr/lib/system/libsystem_m.dylib
0x00007fff6305b000 	/usr/lib/system/libsystem_malloc.dylib
0x00007fff63086000 	/usr/lib/system/libsystem_networkextension.dylib
0x00007fff63091000 	/usr/lib/system/libsystem_notify.dylib
0x00007fff630ae000 	/usr/lib/system/libsystem_sandbox.dylib
0x00007fff630b2000 	/usr/lib/system/libsystem_secinit.dylib
0x00007fff62fe6000 	/usr/lib/system/libsystem_kernel.dylib
0x00007fff63099000 	/usr/lib/system/libsystem_platform.dylib
0x00007fff630a3000 	/usr/lib/system/libsystem_pthread.dylib
0x00007fff630b5000 	/usr/lib/system/libsystem_symptoms.dylib
0x00007fff630bd000 	/usr/lib/system/libsystem_trace.dylib
0x00007fff630d4000 	/usr/lib/system/libunwind.dylib
0x00007fff630da000 	/usr/lib/system/libxpc.dylib
0x00007fff600bc000 	/usr/lib/libbsm.0.dylib
0x00007fff62eca000 	/usr/lib/system/libkxld.dylib
0x00007fff47039000 	/System/Library/PrivateFrameworks/AppleFSCompression.framework/Versions/A/AppleFSCompression
0x00007fff5fd56000 	/usr/lib/libOpenScriptingUtil.dylib
0x00007fff603e4000 	/usr/lib/libcoretls.dylib
0x00007fff603fb000 	/usr/lib/libcoretls_cfhelpers.dylib
0x00007fff61e66000 	/usr/lib/libpam.2.dylib
0x00007fff62026000 	/usr/lib/libsqlite3.dylib
0x00007fff62420000 	/usr/lib/libxar.1.dylib
0x00007fff600cd000 	/usr/lib/libbz2.1.0.dylib
0x00007fff60e3b000 	/usr/lib/liblzma.5.dylib
0x00007fff612ec000 	/usr/lib/libnetwork.dylib
0x00007fff5ff26000 	/usr/lib/libapple_nghttp2.dylib
0x00007fff61e6d000 	/usr/lib/libpcap.A.dylib
0x00007fff384de000 	/System/Library/Frameworks/CoreServices.framework/Versions/A/Frameworks/FSEvents.framework/Versions/A/FSEvents
0x00007fff381bd000 	/System/Library/Frameworks/CoreServices.framework/Versions/A/Frameworks/CarbonCore.framework/Versions/A/CarbonCore
0x00007fff38699000 	/System/Library/Frameworks/CoreServices.framework/Versions/A/Frameworks/Metadata.framework/Versions/A/Metadata
0x00007fff38738000 	/System/Library/Frameworks/CoreServices.framework/Versions/A/Frameworks/OSServices.framework/Versions/A/OSServices
0x00007fff38783000 	/System/Library/Frameworks/CoreServices.framework/Versions/A/Frameworks/SearchKit.framework/Versions/A/SearchKit
0x00007fff38140000 	/System/Library/Frameworks/CoreServices.framework/Versions/A/Frameworks/AE.framework/Versions/A/AE
0x00007fff384e7000 	/System/Library/Frameworks/CoreServices.framework/Versions/A/Frameworks/LaunchServices.framework/Versions/A/LaunchServices
0x00007fff38495000 	/System/Library/Frameworks/CoreServices.framework/Versions/A/Frameworks/DictionaryServices.framework/Versions/A/DictionaryServices
0x00007fff387eb000 	/System/Library/Frameworks/CoreServices.framework/Versions/A/Frameworks/SharedFileList.framework/Versions/A/SharedFileList
0x00007fff3cb57000 	/System/Library/Frameworks/NetFS.framework/Versions/A/NetFS
0x00007fff55d04000 	/System/Library/PrivateFrameworks/NetAuth.framework/Versions/A/NetAuth
0x00007fff5f6bb000 	/System/Library/PrivateFrameworks/login.framework/Versions/A/Frameworks/loginsupport.framework/Versions/A/loginsupport
0x00007fff5d7db000 	/System/Library/PrivateFrameworks/TCC.framework/Versions/A/TCC
0x00007fff4ac55000 	/System/Library/PrivateFrameworks/CoreNLP.framework/Versions/A/CoreNLP
0x00007fff55774000 	/System/Library/PrivateFrameworks/MetadataUtilities.framework/Versions/A/MetadataUtilities
0x00007fff60f10000 	/usr/lib/libmecabra.dylib
0x00007fff35306000 	/System/Library/Frameworks/ApplicationServices.framework/Versions/A/Frameworks/ATS.framework/Versions/A/ATS
0x00007fff35655000 	/System/Library/Frameworks/ApplicationServices.framework/Versions/A/Frameworks/ColorSyncLegacy.framework/Versions/A/ColorSyncLegacy
0x00007fff356f4000 	/System/Library/Frameworks/ApplicationServices.framework/Versions/A/Frameworks/HIServices.framework/Versions/A/HIServices
0x00007fff35747000 	/System/Library/Frameworks/ApplicationServices.framework/Versions/A/Frameworks/LangAnalysis.framework/Versions/A/LangAnalysis
0x00007fff35757000 	/System/Library/Frameworks/ApplicationServices.framework/Versions/A/Frameworks/PrintCore.framework/Versions/A/PrintCore
0x00007fff357a1000 	/System/Library/Frameworks/ApplicationServices.framework/Versions/A/Frameworks/QD.framework/Versions/A/QD
0x00007fff357db000 	/System/Library/Frameworks/ApplicationServices.framework/Versions/A/Frameworks/SpeechSynthesis.framework/Versions/A/SpeechSynthesis
0x00007fff60157000 	/usr/lib/libcompression.dylib
0x00007fff3bd5f000 	/System/Library/Frameworks/MetalPerformanceShaders.framework/Versions/A/MetalPerformanceShaders
0x00007fff332e2000 	/System/Library/Frameworks/Accelerate.framework/Versions/A/Frameworks/vImage.framework/Versions/A/vImage
0x00007fff3435c000 	/System/Library/Frameworks/Accelerate.framework/Versions/A/Frameworks/vecLib.framework/Versions/A/vecLib
0x00007fff342a8000 	/System/Library/Frameworks/Accelerate.framework/Versions/A/Frameworks/vecLib.framework/Versions/A/libvMisc.dylib
0x00007fff340c0000 	/System/Library/Frameworks/Accelerate.framework/Versions/A/Frameworks/vecLib.framework/Versions/A/libvDSP.dylib
0x00007fff3397c000 	/System/Library/Frameworks/Accelerate.framework/Versions/A/Frameworks/vecLib.framework/Versions/A/libBLAS.dylib
0x00007fff33c69000 	/System/Library/Frameworks/Accelerate.framework/Versions/A/Frameworks/vecLib.framework/Versions/A/libLAPACK.dylib
0x00007fff34013000 	/System/Library/Frameworks/Accelerate.framework/Versions/A/Frameworks/vecLib.framework/Versions/A/libLinearAlgebra.dylib
0x00007fff340ac000 	/System/Library/Frameworks/Accelerate.framework/Versions/A/Frameworks/vecLib.framework/Versions/A/libSparseBLAS.dylib
0x00007fff34029000 	/System/Library/Frameworks/Accelerate.framework/Versions/A/Frameworks/vecLib.framework/Versions/A/libQuadrature.dylib
0x00007fff33bf6000 	/System/Library/Frameworks/Accelerate.framework/Versions/A/Frameworks/vecLib.framework/Versions/A/libBNNS.dylib
0x00007fff3402f000 	/System/Library/Frameworks/Accelerate.framework/Versions/A/Frameworks/vecLib.framework/Versions/A/libSparse.dylib
0x00007fff51fa3000 	/System/Library/PrivateFrameworks/GPUWrangler.framework/Versions/A/GPUWrangler
0x00007fff542a2000 	/System/Library/PrivateFrameworks/IOAccelerator.framework/Versions/A/IOAccelerator
0x00007fff542ad000 	/System/Library/PrivateFrameworks/IOPresentment.framework/Versions/A/IOPresentment
0x00007fff4ba2d000 	/System/Library/PrivateFrameworks/DSExternalDisplay.framework/Versions/A/DSExternalDisplay
0x00007fff3ffd3000 	/System/Library/Frameworks/OpenGL.framework/Versions/A/Libraries/libCoreFSCache.dylib
0x00007fff3bb53000 	/System/Library/Frameworks/MetalPerformanceShaders.framework/Frameworks/MPSCore.framework/Versions/A/MPSCore
0x00007fff3bb73000 	/System/Library/Frameworks/MetalPerformanceShaders.framework/Frameworks/MPSImage.framework/Versions/A/MPSImage
0x00007fff3bc18000 	/System/Library/Frameworks/MetalPerformanceShaders.framework/Frameworks/MPSNeuralNetwork.framework/Versions/A/MPSNeuralNetwork
0x00007fff3bbf0000 	/System/Library/Frameworks/MetalPerformanceShaders.framework/Frameworks/MPSMatrix.framework/Versions/A/MPSMatrix
0x00007fff3bd44000 	/System/Library/Frameworks/MetalPerformanceShaders.framework/Frameworks/MPSRayIntersector.framework/Versions/A/MPSRayIntersector
0x00007fff5579d000 	/System/Library/PrivateFrameworks/MetalTools.framework/Versions/A/MetalTools
0x00007fff468e3000 	/System/Library/PrivateFrameworks/AggregateDictionary.framework/Versions/A/AggregateDictionary
0x00007fff5fd36000 	/usr/lib/libMobileGestalt.dylib
0x00007fff38c7a000 	/System/Library/Frameworks/CoreVideo.framework/Versions/A/CoreVideo
0x00007fff52db4000 	/System/Library/PrivateFrameworks/GraphVisualizer.framework/Versions/A/GraphVisualizer
0x00007fff4cc33000 	/System/Library/PrivateFrameworks/FaceCore.framework/Versions/A/FaceCore
0x00007fff3f601000 	/System/Library/Frameworks/OpenCL.framework/Versions/A/OpenCL
0x00007fff5fa8e000 	/usr/lib/libFosl_dynamic.dylib
0x00007fff5656f000 	/System/Library/PrivateFrameworks/OTSVG.framework/Versions/A/OTSVG
0x00007fff3540a000 	/System/Library/Frameworks/ApplicationServices.framework/Versions/A/Frameworks/ATS.framework/Versions/A/Resources/libFontParser.dylib
0x00007fff35522000 	/System/Library/Frameworks/ApplicationServices.framework/Versions/A/Frameworks/ATS.framework/Versions/A/Resources/libFontRegistry.dylib
0x00007fff39b88000 	/System/Library/Frameworks/ImageIO.framework/Versions/A/Resources/libJPEG.dylib
0x00007fff39e9a000 	/System/Library/Frameworks/ImageIO.framework/Versions/A/Resources/libTIFF.dylib
0x00007fff39e70000 	/System/Library/Frameworks/ImageIO.framework/Versions/A/Resources/libPng.dylib
0x00007fff39aa6000 	/System/Library/Frameworks/ImageIO.framework/Versions/A/Resources/libGIF.dylib
0x00007fff39aab000 	/System/Library/Frameworks/ImageIO.framework/Versions/A/Resources/libJP2.dylib
0x00007fff39e97000 	/System/Library/Frameworks/ImageIO.framework/Versions/A/Resources/libRadiance.dylib
0x00007fff47190000 	/System/Library/PrivateFrameworks/AppleJPEG.framework/Versions/A/AppleJPEG
0x00007fff3ffde000 	/System/Library/Frameworks/OpenGL.framework/Versions/A/Libraries/libGFXShared.dylib
0x00007fff401a1000 	/System/Library/Frameworks/OpenGL.framework/Versions/A/Libraries/libGLU.dylib
0x00007fff3ffe7000 	/System/Library/Frameworks/OpenGL.framework/Versions/A/Libraries/libGL.dylib
0x00007fff3fff3000 	/System/Library/Frameworks/OpenGL.framework/Versions/A/Libraries/libGLImage.dylib
0x00007fff3ffd0000 	/System/Library/Frameworks/OpenGL.framework/Versions/A/Libraries/libCVMSPluginSupport.dylib
0x00007fff3ffd9000 	/System/Library/Frameworks/OpenGL.framework/Versions/A/Libraries/libCoreVMClient.dylib
0x00007fff608a8000 	/usr/lib/libcups.2.dylib
0x00007fff3b05a000 	/System/Library/Frameworks/Kerberos.framework/Versions/A/Kerberos
0x00007fff39589000 	/System/Library/Frameworks/GSS.framework/Versions/A/GSS
0x00007fff61fbb000 	/usr/lib/libresolv.9.dylib
0x00007fff60a9a000 	/usr/lib/libiconv.2.dylib
0x00007fff52f29000 	/System/Library/PrivateFrameworks/Heimdal.framework/Versions/A/Heimdal
0x00007fff60a6a000 	/usr/lib/libheimdal-asn1.dylib
0x00007fff3f675000 	/System/Library/Frameworks/OpenDirectory.framework/Versions/A/OpenDirectory
0x00007fff499b8000 	/System/Library/PrivateFrameworks/CommonAuth.framework/Versions/A/CommonAuth
0x00007fff3f659000 	/System/Library/Frameworks/OpenDirectory.framework/Versions/A/Frameworks/CFOpenDirectory.framework/Versions/A/CFOpenDirectory
0x00007fff42725000 	/System/Library/Frameworks/SecurityFoundation.framework/Versions/A/SecurityFoundation
0x00007fff45e29000 	/System/Library/PrivateFrameworks/APFS.framework/Versions/A/APFS
0x00007fff6241c000 	/usr/lib/libutil.dylib
0x00007fff60145000 	/usr/lib/libcharset.1.dylib
0x00007fff4742d000 	/System/Library/PrivateFrameworks/AppleSauce.framework/Versions/A/AppleSauce
0x00007fff475ae000 	/System/Library/PrivateFrameworks/AssertionServices.framework/Versions/A/AssertionServices
0x00007fff47cde000 	/System/Library/PrivateFrameworks/BaseBoard.framework/Versions/A/BaseBoard
0x00007fff60e6b000 	/usr/lib/libmecab.1.0.0.dylib
0x00007fff60a64000 	/usr/lib/libgermantok.dylib
0x00007fff5ff13000 	/usr/lib/libThaiTokenizer.dylib
0x00007fff5f9be000 	/usr/lib/libChineseTokenizer.dylib
0x00007fff5495a000 	/System/Library/PrivateFrameworks/LanguageModeling.framework/Versions/A/LanguageModeling
0x00007fff4a69a000 	/System/Library/PrivateFrameworks/CoreEmoji.framework/Versions/A/CoreEmoji
0x00007fff54a36000 	/System/Library/PrivateFrameworks/Lexicon.framework/Versions/A/Lexicon
0x00007fff54a79000 	/System/Library/PrivateFrameworks/LinguisticData.framework/Versions/A/LinguisticData
0x00007fff60146000 	/usr/lib/libcmph.dylib
0x00007fff427e3000 	/System/Library/Frameworks/ServiceManagement.framework/Versions/A/ServiceManagement
0x00007fff47c3f000 	/System/Library/PrivateFrameworks/BackgroundTaskManagement.framework/Versions/A/BackgroundTaskManagement
0x00007fff62516000 	/usr/lib/libxslt.1.dylib
0x00007fff36478000 	/System/Library/Frameworks/Carbon.framework/Versions/A/Frameworks/Ink.framework/Versions/A/Ink
0x00007fff5da4d000 	/System/Library/PrivateFrameworks/TextureIO.framework/Versions/A/TextureIO
0x00007fff5ff67000 	/usr/lib/libate.dylib
0x00007fff4b97c000 	/System/Library/PrivateFrameworks/CrashReporterSupport.framework/Versions/A/CrashReporterSupport
0x00007fff5b186000 	/System/Library/PrivateFrameworks/Sharing.framework/Versions/A/Sharing
0x00007fff47991000 	/System/Library/PrivateFrameworks/AuthKit.framework/Versions/A/AuthKit
0x00007fff46ee5000 	/System/Library/PrivateFrameworks/Apple80211.framework/Versions/A/Apple80211
0x00007fff4b724000 	/System/Library/PrivateFrameworks/CoreUtils.framework/Versions/A/CoreUtils
0x00007fff38cbb000 	/System/Library/Frameworks/CoreWLAN.framework/Versions/A/CoreWLAN
0x00007fff396b8000 	/System/Library/Frameworks/IOBluetooth.framework/Versions/A/IOBluetooth
0x00007fff595fa000 	/System/Library/PrivateFrameworks/ProtocolBuffer.framework/Versions/A/ProtocolBuffer
0x00007fff559fa000 	/System/Library/PrivateFrameworks/MobileKeyBag.framework/Versions/A/MobileKeyBag
0x00007fff4af68000 	/System/Library/PrivateFrameworks/CorePhoneNumbers.framework/Versions/A/CorePhoneNumbers
0x00007fff47144000 	/System/Library/PrivateFrameworks/AppleIDAuthSupport.framework/Versions/A/AppleIDAuthSupport
0x00007fff5492d000 	/System/Library/PrivateFrameworks/KeychainCircle.framework/Versions/A/KeychainCircle
0x00007fff597b0000 	/System/Library/PrivateFrameworks/ROCKit.framework/Versions/A/ROCKit
0x00007fff4b918000 	/System/Library/PrivateFrameworks/CoreWiFi.framework/Versions/A/CoreWiFi
0x00007fff36a46000 	/System/Library/Frameworks/CoreBluetooth.framework/Versions/A/CoreBluetooth
0x00007fff4bb73000 	/System/Library/PrivateFrameworks/DebugSymbols.framework/Versions/A/DebugSymbols
0x00007fff4b4e4000 	/System/Library/PrivateFrameworks/CoreSymbolication.framework/Versions/A/CoreSymbolication
0x00007fff5d268000 	/System/Library/PrivateFrameworks/Symbolication.framework/Versions/A/Symbolication
0x00007fff5cb0b000 	/System/Library/PrivateFrameworks/SpeechRecognitionCore.framework/Versions/A/SpeechRecognitionCore
0x0000000103a00000 	/Users/iehr/.vscode/extensions/redhat.java-1.27.0-darwin-x64/jre/17.0.10-macosx-x86_64/lib/server/libjvm.dylib
0x0000000104b57000 	/Users/iehr/.vscode/extensions/redhat.java-1.27.0-darwin-x64/jre/17.0.10-macosx-x86_64/lib/libjimage.dylib
0x0000000107749000 	/Users/iehr/.vscode/extensions/redhat.java-1.27.0-darwin-x64/jre/17.0.10-macosx-x86_64/lib/libinstrument.dylib
0x000000010775d000 	/Users/iehr/.vscode/extensions/redhat.java-1.27.0-darwin-x64/jre/17.0.10-macosx-x86_64/lib/./libjava.dylib
0x000000010a03d000 	/Users/iehr/.vscode/extensions/redhat.java-1.27.0-darwin-x64/jre/17.0.10-macosx-x86_64/lib/./libzip.dylib
0x000000010bd18000 	/Users/iehr/.vscode/extensions/redhat.java-1.27.0-darwin-x64/jre/17.0.10-macosx-x86_64/lib/libnio.dylib
0x000000010bd34000 	/Users/iehr/.vscode/extensions/redhat.java-1.27.0-darwin-x64/jre/17.0.10-macosx-x86_64/lib/./libnet.dylib
0x000000010bddc000 	/Users/iehr/.vscode/extensions/redhat.java-1.27.0-darwin-x64/jre/17.0.10-macosx-x86_64/lib/libverify.dylib
0x000000010bceb000 	/Users/iehr/Library/Application Support/Code/User/globalStorage/redhat.java/1.27.0/config_mac/org.eclipse.equinox.launcher/org.eclipse.equinox.launcher.cocoa.macosx.x86_64_1.2.900.v20240129-1338/eclipse_11900.so


VM Arguments:
jvm_args: --add-modules=ALL-SYSTEM --add-opens=java.base/java.util=ALL-UNNAMED --add-opens=java.base/java.lang=ALL-UNNAMED --add-opens=java.base/sun.nio.fs=ALL-UNNAMED -Declipse.application=org.eclipse.jdt.ls.core.id1 -Dosgi.bundles.defaultStartLevel=4 -Declipse.product=org.eclipse.jdt.ls.core.product -Djava.import.generatesMetadataFilesAtProjectRoot=false -DDetectVMInstallationsJob.disabled=true -Dfile.encoding=utf8 -XX:+UseParallelGC -XX:GCTimeRatio=4 -XX:AdaptiveSizePolicyWeight=90 -Dsun.zip.disableMemoryMapping=true -Xmx1G -Xms100m -Xlog:disable -javaagent:/Users/iehr/.vscode/extensions/redhat.java-1.27.0-darwin-x64/lombok/lombok-1.18.31.jar -XX:+HeapDumpOnOutOfMemoryError -XX:HeapDumpPath=/Users/iehr/Library/Application Support/Code/User/workspaceStorage/274a93075872abb9dda54e2529f269e0/redhat.java -Daether.dependencyCollector.impl=bf 
java_command: /Users/iehr/.vscode/extensions/redhat.java-1.27.0-darwin-x64/server/plugins/org.eclipse.equinox.launcher_1.6.700.v20231214-2017.jar -configuration /Users/iehr/Library/Application Support/Code/User/globalStorage/redhat.java/1.27.0/config_mac -data /Users/iehr/Library/Application Support/Code/User/workspaceStorage/274a93075872abb9dda54e2529f269e0/redhat.java/jdt_ws --stdio
java_class_path (initial): /Users/iehr/.vscode/extensions/redhat.java-1.27.0-darwin-x64/server/plugins/org.eclipse.equinox.launcher_1.6.700.v20231214-2017.jar
Launcher Type: SUN_STANDARD

[Global flags]
    uintx AdaptiveSizePolicyWeight                 = 90                                        {product} {command line}
     intx CICompilerCount                          = 4                                         {product} {ergonomic}
    uintx GCTimeRatio                              = 4                                         {product} {command line}
     bool HeapDumpOnOutOfMemoryError               = true                                   {manageable} {command line}
    ccstr HeapDumpPath                             = /Users/iehr/Library/Application Support/Code/User/workspaceStorage/274a93075872abb9dda54e2529f269e0/redhat.java         {manageable} {command line}
   size_t InitialHeapSize                          = 104857600                                 {product} {command line}
   size_t MaxHeapSize                              = 1073741824                                {product} {command line}
   size_t MaxNewSize                               = 357564416                                 {product} {ergonomic}
   size_t MinHeapDeltaBytes                        = 524288                                    {product} {ergonomic}
   size_t MinHeapSize                              = 104857600                                 {product} {command line}
   size_t NewSize                                  = 34603008                                  {product} {ergonomic}
    uintx NonNMethodCodeHeapSize                   = 5839372                                {pd product} {ergonomic}
    uintx NonProfiledCodeHeapSize                  = 122909434                              {pd product} {ergonomic}
   size_t OldSize                                  = 70254592                                  {product} {ergonomic}
    uintx ProfiledCodeHeapSize                     = 122909434                              {pd product} {ergonomic}
    uintx ReservedCodeCacheSize                    = 251658240                              {pd product} {ergonomic}
     bool SegmentedCodeCache                       = true                                      {product} {ergonomic}
   size_t SoftMaxHeapSize                          = 1073741824                             {manageable} {ergonomic}
     bool UseCompressedClassPointers               = true                           {product lp64_product} {ergonomic}
     bool UseCompressedOops                        = true                           {product lp64_product} {ergonomic}
     bool UseNUMA                                  = false                                     {product} {ergonomic}
     bool UseNUMAInterleaving                      = false                                     {product} {ergonomic}
     bool UseParallelGC                            = true                                      {product} {command line}

Logging:
Log output configuration:
 #0: stdout all=off uptime,level,tags
 #1: stderr all=off uptime,level,tags

Environment Variables:
PATH=/Library/Frameworks/Python.framework/Versions/3.12/bin:/usr/local/bin:/usr/bin:/bin:/usr/sbin:/sbin:/opt/X11/bin
SHELL=/bin/bash
DISPLAY=/private/tmp/com.apple.launchd.jFcsfHVDeh/org.xquartz:0
TMPDIR=/var/folders/1t/ypjz4vnn4jlfgtfxhr7lf2180000gp/T/

Active Locale:
LC_ALL=C
LC_COLLATE=C
LC_CTYPE=C
LC_MESSAGES=C
LC_MONETARY=C
LC_NUMERIC=C
LC_TIME=C

Signal Handlers:
   SIGSEGV: _ZL13crash_handleriP9__siginfoPv in libjvm.dylib, mask=11100110000111110111111111111111, flags=SA_RESTART|SA_SIGINFO, unblocked
    SIGBUS: _ZL13crash_handleriP9__siginfoPv in libjvm.dylib, mask=11100110000111110111111111111111, flags=SA_RESTART|SA_SIGINFO, unblocked
    SIGFPE: _ZL13crash_handleriP9__siginfoPv in libjvm.dylib, mask=11100110000111110111111111111111, flags=SA_RESTART|SA_SIGINFO, unblocked
   SIGPIPE: _ZL17javaSignalHandleriP9__siginfoPv in libjvm.dylib, mask=11100110000111110111111111111111, flags=SA_RESTART|SA_SIGINFO, blocked
   SIGXFSZ: _ZL17javaSignalHandleriP9__siginfoPv in libjvm.dylib, mask=11100110000111110111111111111111, flags=SA_RESTART|SA_SIGINFO, blocked
    SIGILL: _ZL13crash_handleriP9__siginfoPv in libjvm.dylib, mask=11100110000111110111111111111111, flags=SA_RESTART|SA_SIGINFO, unblocked
   SIGUSR2: _ZL10SR_handleriP9__siginfoP17__darwin_ucontext in libjvm.dylib, mask=00000000000000000000000000000000, flags=SA_RESTART|SA_SIGINFO, blocked
    SIGHUP: _ZL11UserHandleriPvS_ in libjvm.dylib, mask=11100110000111110111111111111111, flags=SA_RESTART|SA_SIGINFO, blocked
    SIGINT: _ZL11UserHandleriPvS_ in libjvm.dylib, mask=11100110000111110111111111111111, flags=SA_RESTART|SA_SIGINFO, blocked
   SIGTERM: _ZL11UserHandleriPvS_ in libjvm.dylib, mask=11100110000111110111111111111111, flags=SA_RESTART|SA_SIGINFO, blocked
   SIGQUIT: _ZL11UserHandleriPvS_ in libjvm.dylib, mask=11100110000111110111111111111111, flags=SA_RESTART|SA_SIGINFO, blocked
   SIGTRAP: _ZL13crash_handleriP9__siginfoPv in libjvm.dylib, mask=11100110000111110111111111111111, flags=SA_RESTART|SA_SIGINFO, unblocked


Periodic native trim disabled


---------------  S Y S T E M  ---------------

OS:
uname: Darwin 18.7.0 Darwin Kernel Version 18.7.0: Mon Apr 27 20:09:39 PDT 2020; root:xnu-4903.278.35~1/RELEASE_X86_64 x86_64
OS uptime: 10 days 4:13 hours
rlimit (soft/hard): STACK 8192k/65532k , CORE 0k/infinity , NPROC 1418/2128 , NOFILE 10240/infinity , AS infinity/infinity , CPU infinity/infinity , DATA infinity/infinity , FSIZE infinity/infinity , MEMLOCK infinity/infinity , RSS infinity/infinity
load average: 2.06 1.81 1.79

CPU: total 8 (initial active 8) (4 cores per cpu, 2 threads per core) family 6 model 70 stepping 1 microcode 0x1c, cx8, cmov, fxsr, ht, mmx, sse, sse2, sse3, ssse3, sse4.1, sse4.2, popcnt, lzcnt, tsc, tscinvbit, avx, avx2, aes, erms, clmul, bmi1, bmi2, fma, vzeroupper, clflush
machdep.cpu.brand_string:Intel(R) Core(TM) i7-4980HQ CPU @ 2.80GHz
hw.cpufrequency:2800000000
hw.cpufrequency_min:2800000000
hw.cpufrequency_max:2800000000
hw.cachelinesize:64
hw.l1icachesize:32768
hw.l1dcachesize:32768
hw.l2cachesize:262144
hw.l3cachesize:6291456

Memory: 4k page, physical 16777216k(3119656k free), swap 1048576k(794112k free)

vm_info: OpenJDK 64-Bit Server VM (17.0.10+7) for bsd-amd64 JRE (17.0.10+7), built on Jan 16 2024 00:00:00 by "admin" with clang Apple LLVM 15.0.0 (clang-1500.0.40.1)

END.
